{"/Users/fabiogianini/Documents/Repositories/vue-ui/src/components/modal/modal.spec.js":{"path":"/Users/fabiogianini/Documents/Repositories/vue-ui/src/components/modal/modal.spec.js","statementMap":{"0":{"start":{"line":1,"column":45},"end":{"line":1,"column":148}},"1":{"start":{"line":1,"column":94},"end":{"line":1,"column":110}},"2":{"start":{"line":1,"column":128},"end":{"line":1,"column":142}},"3":{"start":{"line":1,"column":159},"end":{"line":1,"column":203}},"4":{"start":{"line":1,"column":189},"end":{"line":1,"column":197}},"5":{"start":{"line":1,"column":213},"end":{"line":1,"column":260}},"6":{"start":{"line":1,"column":247},"end":{"line":1,"column":254}},"7":{"start":{"line":1,"column":269},"end":{"line":1,"column":312}},"8":{"start":{"line":1,"column":300},"end":{"line":1,"column":306}},"9":{"start":{"line":1,"column":326},"end":{"line":1,"column":386}},"10":{"start":{"line":1,"column":369},"end":{"line":1,"column":380}},"11":{"start":{"line":1,"column":404},"end":{"line":1,"column":473}},"12":{"start":{"line":1,"column":452},"end":{"line":1,"column":467}},"13":{"start":{"line":8,"column":17},"end":{"line":8,"column":33}},"14":{"start":{"line":10,"column":0},"end":{"line":10,"column":19}},"15":{"start":{"line":13,"column":18},"end":{"line":17,"column":6}},"16":{"start":{"line":19,"column":4},"end":{"line":23,"column":6}},"17":{"start":{"line":26,"column":0},"end":{"line":59,"column":3}},"18":{"start":{"line":27,"column":4},"end":{"line":30,"column":7}},"19":{"start":{"line":28,"column":8},"end":{"line":28,"column":41}},"20":{"start":{"line":29,"column":8},"end":{"line":29,"column":38}},"21":{"start":{"line":32,"column":4},"end":{"line":36,"column":7}},"22":{"start":{"line":33,"column":24},"end":{"line":33,"column":76}},"23":{"start":{"line":35,"column":8},"end":{"line":35,"column":57}},"24":{"start":{"line":38,"column":4},"end":{"line":44,"column":7}},"25":{"start":{"line":39,"column":24},"end":{"line":39,"column":76}},"26":{"start":{"line":41,"column":8},"end":{"line":41,"column":69}},"27":{"start":{"line":42,"column":8},"end":{"line":42,"column":67}},"28":{"start":{"line":43,"column":8},"end":{"line":43,"column":69}},"29":{"start":{"line":46,"column":4},"end":{"line":58,"column":7}},"30":{"start":{"line":47,"column":24},"end":{"line":53,"column":11}},"31":{"start":{"line":55,"column":8},"end":{"line":55,"column":65}},"32":{"start":{"line":56,"column":8},"end":{"line":56,"column":63}},"33":{"start":{"line":57,"column":8},"end":{"line":57,"column":65}}},"fnMap":{"0":{"name":"(anonymous_0)","decl":{"start":{"line":1,"column":76},"end":{"line":1,"column":77}},"loc":{"start":{"line":1,"column":93},"end":{"line":1,"column":111}},"line":1},"1":{"name":"(anonymous_1)","decl":{"start":{"line":1,"column":112},"end":{"line":1,"column":113}},"loc":{"start":{"line":1,"column":127},"end":{"line":1,"column":143}},"line":1},"2":{"name":"(anonymous_2)","decl":{"start":{"line":1,"column":179},"end":{"line":1,"column":180}},"loc":{"start":{"line":1,"column":188},"end":{"line":1,"column":198}},"line":1},"3":{"name":"(anonymous_3)","decl":{"start":{"line":1,"column":238},"end":{"line":1,"column":239}},"loc":{"start":{"line":1,"column":246},"end":{"line":1,"column":255}},"line":1},"4":{"name":"(anonymous_4)","decl":{"start":{"line":1,"column":289},"end":{"line":1,"column":290}},"loc":{"start":{"line":1,"column":299},"end":{"line":1,"column":307}},"line":1},"5":{"name":"(anonymous_5)","decl":{"start":{"line":1,"column":358},"end":{"line":1,"column":359}},"loc":{"start":{"line":1,"column":368},"end":{"line":1,"column":381}},"line":1},"6":{"name":"(anonymous_6)","decl":{"start":{"line":1,"column":441},"end":{"line":1,"column":442}},"loc":{"start":{"line":1,"column":451},"end":{"line":1,"column":468}},"line":1},"7":{"name":"getDummyModalComponentOptions","decl":{"start":{"line":12,"column":9},"end":{"line":12,"column":38}},"loc":{"start":{"line":12,"column":59},"end":{"line":24,"column":1}},"line":12},"8":{"name":"(anonymous_8)","decl":{"start":{"line":26,"column":23},"end":{"line":26,"column":24}},"loc":{"start":{"line":26,"column":29},"end":{"line":59,"column":1}},"line":26},"9":{"name":"(anonymous_9)","decl":{"start":{"line":27,"column":33},"end":{"line":27,"column":34}},"loc":{"start":{"line":27,"column":39},"end":{"line":30,"column":5}},"line":27},"10":{"name":"(anonymous_10)","decl":{"start":{"line":32,"column":51},"end":{"line":32,"column":52}},"loc":{"start":{"line":32,"column":57},"end":{"line":36,"column":5}},"line":32},"11":{"name":"(anonymous_11)","decl":{"start":{"line":38,"column":58},"end":{"line":38,"column":59}},"loc":{"start":{"line":38,"column":64},"end":{"line":44,"column":5}},"line":38},"12":{"name":"(anonymous_12)","decl":{"start":{"line":46,"column":42},"end":{"line":46,"column":43}},"loc":{"start":{"line":46,"column":48},"end":{"line":58,"column":5}},"line":46}},"branchMap":{"0":{"loc":{"start":{"line":12,"column":39},"end":{"line":12,"column":57}},"type":"default-arg","locations":[{"start":{"line":12,"column":55},"end":{"line":12,"column":57}}],"line":12}},"s":{"0":1,"1":1,"2":1,"3":1,"4":1,"5":1,"6":1,"7":1,"8":1,"9":1,"10":1,"11":1,"12":1,"13":1,"14":1,"15":3,"16":3,"17":1,"18":1,"19":1,"20":1,"21":1,"22":1,"23":1,"24":1,"25":1,"26":1,"27":1,"28":1,"29":1,"30":1,"31":1,"32":1,"33":1},"f":{"0":1,"1":1,"2":1,"3":1,"4":1,"5":1,"6":1,"7":3,"8":1,"9":1,"10":1,"11":1,"12":1},"b":{"0":[2]},"_coverageSchema":"d34fc3e6b8297bcde183f5492bcb8fcb36775295","hash":"f8073c8f271cc8e7f0a856f9f090d4d14640497e","contentHash":"4b4060ee02f1261a4c86effc2e32682b_12.0.2"},"/Users/fabiogianini/Documents/Repositories/vue-ui/dist/index.js":{"path":"/Users/fabiogianini/Documents/Repositories/vue-ui/dist/index.js","statementMap":{"0":{"start":{"line":3,"column":0},"end":{"line":3,"column":62}},"1":{"start":{"line":5,"column":14},"end":{"line":12,"column":2}},"2":{"start":{"line":15,"column":4},"end":{"line":15,"column":43}},"3":{"start":{"line":23,"column":17},"end":{"line":57,"column":1}},"4":{"start":{"line":24,"column":16},"end":{"line":24,"column":49}},"5":{"start":{"line":26,"column":2},"end":{"line":40,"column":3}},"6":{"start":{"line":27,"column":4},"end":{"line":27,"column":42}},"7":{"start":{"line":31,"column":16},"end":{"line":31,"column":35}},"8":{"start":{"line":32,"column":4},"end":{"line":39,"column":6}},"9":{"start":{"line":33,"column":6},"end":{"line":33,"column":49}},"10":{"start":{"line":33,"column":34},"end":{"line":33,"column":47}},"11":{"start":{"line":35,"column":6},"end":{"line":37,"column":19}},"12":{"start":{"line":38,"column":6},"end":{"line":38,"column":32}},"13":{"start":{"line":47,"column":18},"end":{"line":47,"column":31}},"14":{"start":{"line":49,"column":4},"end":{"line":55,"column":5}},"15":{"start":{"line":50,"column":6},"end":{"line":52,"column":24}},"16":{"start":{"line":53,"column":11},"end":{"line":55,"column":5}},"17":{"start":{"line":54,"column":6},"end":{"line":54,"column":42}},"18":{"start":{"line":60,"column":2},"end":{"line":61,"column":37}},"19":{"start":{"line":64,"column":2},"end":{"line":64,"column":30}},"20":{"start":{"line":64,"column":22},"end":{"line":64,"column":28}},"21":{"start":{"line":66,"column":2},"end":{"line":66,"column":35}},"22":{"start":{"line":68,"column":2},"end":{"line":68,"column":39}},"23":{"start":{"line":70,"column":2},"end":{"line":72,"column":5}},"24":{"start":{"line":71,"column":4},"end":{"line":71,"column":36}},"25":{"start":{"line":74,"column":2},"end":{"line":76,"column":5}},"26":{"start":{"line":75,"column":4},"end":{"line":75,"column":55}},"27":{"start":{"line":102,"column":2},"end":{"line":102,"column":73}},"28":{"start":{"line":102,"column":44},"end":{"line":102,"column":69}},"29":{"start":{"line":106,"column":2},"end":{"line":106,"column":48}},"30":{"start":{"line":110,"column":2},"end":{"line":110,"column":46}},"31":{"start":{"line":114,"column":2},"end":{"line":114,"column":56}},"32":{"start":{"line":114,"column":20},"end":{"line":114,"column":54}},"33":{"start":{"line":117,"column":13},"end":{"line":123,"column":1}},"34":{"start":{"line":118,"column":2},"end":{"line":118,"column":25}},"35":{"start":{"line":119,"column":2},"end":{"line":119,"column":39}},"36":{"start":{"line":120,"column":2},"end":{"line":120,"column":30}},"37":{"start":{"line":121,"column":17},"end":{"line":121,"column":32}},"38":{"start":{"line":122,"column":2},"end":{"line":122,"column":78}},"39":{"start":{"line":125,"column":27},"end":{"line":125,"column":65}},"40":{"start":{"line":127,"column":0},"end":{"line":129,"column":2}},"41":{"start":{"line":128,"column":2},"end":{"line":128,"column":37}},"42":{"start":{"line":131,"column":0},"end":{"line":133,"column":2}},"43":{"start":{"line":132,"column":2},"end":{"line":132,"column":31}},"44":{"start":{"line":135,"column":0},"end":{"line":137,"column":2}},"45":{"start":{"line":136,"column":2},"end":{"line":136,"column":29}},"46":{"start":{"line":139,"column":0},"end":{"line":141,"column":2}},"47":{"start":{"line":140,"column":2},"end":{"line":140,"column":28}},"48":{"start":{"line":143,"column":0},"end":{"line":154,"column":2}},"49":{"start":{"line":144,"column":2},"end":{"line":144,"column":52}},"50":{"start":{"line":145,"column":2},"end":{"line":147,"column":3}},"51":{"start":{"line":146,"column":4},"end":{"line":146,"column":48}},"52":{"start":{"line":148,"column":2},"end":{"line":150,"column":3}},"53":{"start":{"line":149,"column":4},"end":{"line":149,"column":52}},"54":{"start":{"line":151,"column":2},"end":{"line":153,"column":3}},"55":{"start":{"line":152,"column":4},"end":{"line":152,"column":48}},"56":{"start":{"line":156,"column":0},"end":{"line":158,"column":2}},"57":{"start":{"line":157,"column":2},"end":{"line":157,"column":35}},"58":{"start":{"line":160,"column":0},"end":{"line":164,"column":2}},"59":{"start":{"line":161,"column":2},"end":{"line":163,"column":3}},"60":{"start":{"line":162,"column":4},"end":{"line":162,"column":46}},"61":{"start":{"line":166,"column":0},"end":{"line":170,"column":2}},"62":{"start":{"line":167,"column":2},"end":{"line":169,"column":3}},"63":{"start":{"line":168,"column":4},"end":{"line":168,"column":46}},"64":{"start":{"line":172,"column":0},"end":{"line":176,"column":2}},"65":{"start":{"line":173,"column":2},"end":{"line":175,"column":3}},"66":{"start":{"line":174,"column":4},"end":{"line":174,"column":48}},"67":{"start":{"line":178,"column":0},"end":{"line":178,"column":66}},"68":{"start":{"line":180,"column":23},"end":{"line":183,"column":1}},"69":{"start":{"line":182,"column":2},"end":{"line":182,"column":42}},"70":{"start":{"line":185,"column":0},"end":{"line":189,"column":2}},"71":{"start":{"line":186,"column":2},"end":{"line":188,"column":15}},"72":{"start":{"line":187,"column":4},"end":{"line":187,"column":31}},"73":{"start":{"line":191,"column":0},"end":{"line":197,"column":2}},"74":{"start":{"line":192,"column":15},"end":{"line":192,"column":24}},"75":{"start":{"line":193,"column":2},"end":{"line":196,"column":8}},"76":{"start":{"line":194,"column":4},"end":{"line":194,"column":34}},"77":{"start":{"line":195,"column":4},"end":{"line":195,"column":59}},"78":{"start":{"line":199,"column":0},"end":{"line":201,"column":2}},"79":{"start":{"line":200,"column":2},"end":{"line":200,"column":39}},"80":{"start":{"line":203,"column":0},"end":{"line":225,"column":2}},"81":{"start":{"line":204,"column":17},"end":{"line":204,"column":21}},"82":{"start":{"line":205,"column":4},"end":{"line":205,"column":49}},"83":{"start":{"line":205,"column":32},"end":{"line":205,"column":47}},"84":{"start":{"line":207,"column":2},"end":{"line":209,"column":3}},"85":{"start":{"line":208,"column":4},"end":{"line":208,"column":37}},"86":{"start":{"line":211,"column":18},"end":{"line":211,"column":48}},"87":{"start":{"line":212,"column":2},"end":{"line":217,"column":3}},"88":{"start":{"line":213,"column":4},"end":{"line":213,"column":26}},"89":{"start":{"line":215,"column":17},"end":{"line":215,"column":44}},"90":{"start":{"line":216,"column":4},"end":{"line":216,"column":54}},"91":{"start":{"line":220,"column":2},"end":{"line":224,"column":3}},"92":{"start":{"line":221,"column":4},"end":{"line":223,"column":7}},"93":{"start":{"line":222,"column":6},"end":{"line":222,"column":65}},"94":{"start":{"line":227,"column":0},"end":{"line":233,"column":2}},"95":{"start":{"line":228,"column":15},"end":{"line":228,"column":42}},"96":{"start":{"line":229,"column":12},"end":{"line":229,"column":33}},"97":{"start":{"line":230,"column":2},"end":{"line":230,"column":47}},"98":{"start":{"line":230,"column":39},"end":{"line":230,"column":45}},"99":{"start":{"line":232,"column":2},"end":{"line":232,"column":26}},"100":{"start":{"line":236,"column":2},"end":{"line":238,"column":3}},"101":{"start":{"line":237,"column":4},"end":{"line":237,"column":37}},"102":{"start":{"line":241,"column":2},"end":{"line":241,"column":33}},"103":{"start":{"line":244,"column":2},"end":{"line":261,"column":3}},"104":{"start":{"line":245,"column":4},"end":{"line":260,"column":5}},"105":{"start":{"line":246,"column":6},"end":{"line":254,"column":7}},"106":{"start":{"line":247,"column":8},"end":{"line":252,"column":9}},"107":{"start":{"line":248,"column":10},"end":{"line":251,"column":12}},"108":{"start":{"line":253,"column":8},"end":{"line":253,"column":14}},"109":{"start":{"line":255,"column":6},"end":{"line":259,"column":8}},"110":{"start":{"line":264,"column":21},"end":{"line":267,"column":1}},"111":{"start":{"line":265,"column":29},"end":{"line":265,"column":64}},"112":{"start":{"line":269,"column":19},"end":{"line":273,"column":1}},"113":{"start":{"line":270,"column":29},"end":{"line":271,"column":71}},"114":{"start":{"line":275,"column":18},"end":{"line":279,"column":1}},"115":{"start":{"line":282,"column":2},"end":{"line":293,"column":5}},"116":{"start":{"line":283,"column":4},"end":{"line":283,"column":35}},"117":{"start":{"line":283,"column":27},"end":{"line":283,"column":33}},"118":{"start":{"line":285,"column":24},"end":{"line":285,"column":40}},"119":{"start":{"line":287,"column":4},"end":{"line":292,"column":7}},"120":{"start":{"line":288,"column":6},"end":{"line":291,"column":8}},"121":{"start":{"line":297,"column":12},"end":{"line":297,"column":80}},"122":{"start":{"line":298,"column":2},"end":{"line":300,"column":3}},"123":{"start":{"line":299,"column":4},"end":{"line":299,"column":53}},"124":{"start":{"line":301,"column":2},"end":{"line":301,"column":48}},"125":{"start":{"line":302,"column":2},"end":{"line":302,"column":12}},"126":{"start":{"line":307,"column":12},"end":{"line":373,"column":1}},"127":{"start":{"line":308,"column":15},"end":{"line":308,"column":19}},"128":{"start":{"line":309,"column":2},"end":{"line":309,"column":45}},"129":{"start":{"line":309,"column":30},"end":{"line":309,"column":43}},"130":{"start":{"line":314,"column":2},"end":{"line":316,"column":3}},"131":{"start":{"line":315,"column":4},"end":{"line":315,"column":24}},"132":{"start":{"line":318,"column":2},"end":{"line":322,"column":3}},"133":{"start":{"line":319,"column":4},"end":{"line":319,"column":77}},"134":{"start":{"line":320,"column":4},"end":{"line":320,"column":96}},"135":{"start":{"line":321,"column":4},"end":{"line":321,"column":81}},"136":{"start":{"line":324,"column":16},"end":{"line":324,"column":31}},"137":{"start":{"line":324,"column":33},"end":{"line":324,"column":76}},"138":{"start":{"line":324,"column":61},"end":{"line":324,"column":74}},"139":{"start":{"line":325,"column":15},"end":{"line":325,"column":29}},"140":{"start":{"line":325,"column":31},"end":{"line":325,"column":75}},"141":{"start":{"line":325,"column":58},"end":{"line":325,"column":73}},"142":{"start":{"line":327,"column":14},"end":{"line":327,"column":27}},"143":{"start":{"line":327,"column":29},"end":{"line":327,"column":68}},"144":{"start":{"line":327,"column":55},"end":{"line":327,"column":66}},"145":{"start":{"line":328,"column":2},"end":{"line":330,"column":3}},"146":{"start":{"line":329,"column":4},"end":{"line":329,"column":26}},"147":{"start":{"line":333,"column":2},"end":{"line":333,"column":27}},"148":{"start":{"line":334,"column":2},"end":{"line":334,"column":38}},"149":{"start":{"line":335,"column":2},"end":{"line":335,"column":31}},"150":{"start":{"line":336,"column":2},"end":{"line":336,"column":40}},"151":{"start":{"line":337,"column":2},"end":{"line":337,"column":45}},"152":{"start":{"line":338,"column":2},"end":{"line":338,"column":48}},"153":{"start":{"line":339,"column":2},"end":{"line":339,"column":50}},"154":{"start":{"line":340,"column":2},"end":{"line":340,"column":25}},"155":{"start":{"line":341,"column":2},"end":{"line":341,"column":30}},"156":{"start":{"line":344,"column":14},"end":{"line":344,"column":18}},"157":{"start":{"line":345,"column":12},"end":{"line":345,"column":16}},"158":{"start":{"line":346,"column":17},"end":{"line":346,"column":29}},"159":{"start":{"line":347,"column":15},"end":{"line":347,"column":25}},"160":{"start":{"line":348,"column":2},"end":{"line":350,"column":4}},"161":{"start":{"line":349,"column":4},"end":{"line":349,"column":46}},"162":{"start":{"line":351,"column":2},"end":{"line":353,"column":4}},"163":{"start":{"line":352,"column":4},"end":{"line":352,"column":53}},"164":{"start":{"line":356,"column":2},"end":{"line":356,"column":23}},"165":{"start":{"line":361,"column":2},"end":{"line":361,"column":53}},"166":{"start":{"line":365,"column":2},"end":{"line":365,"column":28}},"167":{"start":{"line":368,"column":2},"end":{"line":368,"column":64}},"168":{"start":{"line":368,"column":38},"end":{"line":368,"column":60}},"169":{"start":{"line":370,"column":2},"end":{"line":372,"column":3}},"170":{"start":{"line":371,"column":4},"end":{"line":371,"column":24}},"171":{"start":{"line":375,"column":25},"end":{"line":375,"column":58}},"172":{"start":{"line":377,"column":0},"end":{"line":379,"column":2}},"173":{"start":{"line":378,"column":2},"end":{"line":378,"column":31}},"174":{"start":{"line":381,"column":0},"end":{"line":385,"column":2}},"175":{"start":{"line":382,"column":2},"end":{"line":384,"column":3}},"176":{"start":{"line":383,"column":4},"end":{"line":383,"column":79}},"177":{"start":{"line":387,"column":0},"end":{"line":420,"column":2}},"178":{"start":{"line":388,"column":17},"end":{"line":388,"column":21}},"179":{"start":{"line":391,"column":12},"end":{"line":391,"column":55}},"180":{"start":{"line":392,"column":15},"end":{"line":392,"column":23}},"181":{"start":{"line":393,"column":18},"end":{"line":393,"column":29}},"182":{"start":{"line":394,"column":18},"end":{"line":394,"column":29}},"183":{"start":{"line":396,"column":17},"end":{"line":396,"column":49}},"184":{"start":{"line":397,"column":14},"end":{"line":397,"column":35}},"185":{"start":{"line":398,"column":2},"end":{"line":403,"column":3}},"186":{"start":{"line":399,"column":4},"end":{"line":401,"column":5}},"187":{"start":{"line":400,"column":6},"end":{"line":400,"column":63}},"188":{"start":{"line":402,"column":4},"end":{"line":402,"column":10}},"189":{"start":{"line":404,"column":2},"end":{"line":408,"column":5}},"190":{"start":{"line":405,"column":4},"end":{"line":407,"column":7}},"191":{"start":{"line":406,"column":6},"end":{"line":406,"column":23}},"192":{"start":{"line":409,"column":2},"end":{"line":409,"column":84}},"193":{"start":{"line":409,"column":45},"end":{"line":409,"column":80}},"194":{"start":{"line":411,"column":2},"end":{"line":419,"column":3}},"195":{"start":{"line":415,"column":4},"end":{"line":418,"column":6}},"196":{"start":{"line":422,"column":0},"end":{"line":444,"column":2}},"197":{"start":{"line":423,"column":17},"end":{"line":423,"column":21}},"198":{"start":{"line":426,"column":12},"end":{"line":426,"column":45}},"199":{"start":{"line":427,"column":15},"end":{"line":427,"column":23}},"200":{"start":{"line":428,"column":18},"end":{"line":428,"column":29}},"201":{"start":{"line":430,"column":15},"end":{"line":430,"column":47}},"202":{"start":{"line":431,"column":14},"end":{"line":431,"column":33}},"203":{"start":{"line":432,"column":2},"end":{"line":437,"column":3}},"204":{"start":{"line":433,"column":4},"end":{"line":435,"column":5}},"205":{"start":{"line":434,"column":6},"end":{"line":434,"column":61}},"206":{"start":{"line":436,"column":4},"end":{"line":436,"column":10}},"207":{"start":{"line":439,"column":2},"end":{"line":439,"column":88}},"208":{"start":{"line":439,"column":51},"end":{"line":439,"column":84}},"209":{"start":{"line":441,"column":2},"end":{"line":443,"column":23}},"210":{"start":{"line":442,"column":49},"end":{"line":442,"column":73}},"211":{"start":{"line":446,"column":0},"end":{"line":448,"column":2}},"212":{"start":{"line":447,"column":2},"end":{"line":447,"column":48}},"213":{"start":{"line":450,"column":0},"end":{"line":452,"column":2}},"214":{"start":{"line":451,"column":2},"end":{"line":451,"column":54}},"215":{"start":{"line":454,"column":0},"end":{"line":461,"column":2}},"216":{"start":{"line":455,"column":17},"end":{"line":455,"column":21}},"217":{"start":{"line":457,"column":2},"end":{"line":459,"column":3}},"218":{"start":{"line":458,"column":4},"end":{"line":458,"column":81}},"219":{"start":{"line":460,"column":2},"end":{"line":460,"column":106}},"220":{"start":{"line":460,"column":46},"end":{"line":460,"column":90}},"221":{"start":{"line":463,"column":0},"end":{"line":469,"column":2}},"222":{"start":{"line":464,"column":17},"end":{"line":464,"column":21}},"223":{"start":{"line":466,"column":2},"end":{"line":468,"column":5}},"224":{"start":{"line":467,"column":4},"end":{"line":467,"column":37}},"225":{"start":{"line":471,"column":0},"end":{"line":485,"column":2}},"226":{"start":{"line":472,"column":4},"end":{"line":472,"column":47}},"227":{"start":{"line":472,"column":32},"end":{"line":472,"column":45}},"228":{"start":{"line":474,"column":2},"end":{"line":474,"column":50}},"229":{"start":{"line":474,"column":34},"end":{"line":474,"column":48}},"230":{"start":{"line":476,"column":2},"end":{"line":479,"column":3}},"231":{"start":{"line":477,"column":4},"end":{"line":477,"column":77}},"232":{"start":{"line":478,"column":4},"end":{"line":478,"column":88}},"233":{"start":{"line":481,"column":2},"end":{"line":481,"column":42}},"234":{"start":{"line":482,"column":2},"end":{"line":482,"column":88}},"235":{"start":{"line":484,"column":2},"end":{"line":484,"column":33}},"236":{"start":{"line":487,"column":0},"end":{"line":502,"column":2}},"237":{"start":{"line":488,"column":17},"end":{"line":488,"column":21}},"238":{"start":{"line":490,"column":2},"end":{"line":490,"column":50}},"239":{"start":{"line":490,"column":34},"end":{"line":490,"column":48}},"240":{"start":{"line":492,"column":2},"end":{"line":494,"column":3}},"241":{"start":{"line":493,"column":4},"end":{"line":493,"column":77}},"242":{"start":{"line":496,"column":2},"end":{"line":496,"column":33}},"243":{"start":{"line":497,"column":2},"end":{"line":500,"column":5}},"244":{"start":{"line":498,"column":22},"end":{"line":498,"column":69}},"245":{"start":{"line":499,"column":4},"end":{"line":499,"column":51}},"246":{"start":{"line":501,"column":2},"end":{"line":501,"column":19}},"247":{"start":{"line":504,"column":0},"end":{"line":507,"column":2}},"248":{"start":{"line":505,"column":2},"end":{"line":505,"column":35}},"249":{"start":{"line":506,"column":2},"end":{"line":506,"column":25}},"250":{"start":{"line":509,"column":0},"end":{"line":514,"column":2}},"251":{"start":{"line":510,"column":19},"end":{"line":510,"column":35}},"252":{"start":{"line":511,"column":2},"end":{"line":511,"column":26}},"253":{"start":{"line":512,"column":2},"end":{"line":512,"column":7}},"254":{"start":{"line":513,"column":2},"end":{"line":513,"column":32}},"255":{"start":{"line":516,"column":0},"end":{"line":516,"column":63}},"256":{"start":{"line":519,"column":2},"end":{"line":521,"column":3}},"257":{"start":{"line":520,"column":4},"end":{"line":520,"column":18}},"258":{"start":{"line":522,"column":2},"end":{"line":527,"column":3}},"259":{"start":{"line":523,"column":12},"end":{"line":523,"column":28}},"260":{"start":{"line":524,"column":4},"end":{"line":526,"column":5}},"261":{"start":{"line":525,"column":6},"end":{"line":525,"column":24}},"262":{"start":{"line":531,"column":2},"end":{"line":531,"column":39}},"263":{"start":{"line":532,"column":2},"end":{"line":532,"column":41}},"264":{"start":{"line":533,"column":2},"end":{"line":533,"column":46}},"265":{"start":{"line":534,"column":2},"end":{"line":534,"column":51}},"266":{"start":{"line":535,"column":14},"end":{"line":535,"column":25}},"267":{"start":{"line":537,"column":2},"end":{"line":537,"column":61}},"268":{"start":{"line":539,"column":2},"end":{"line":539,"column":34}},"269":{"start":{"line":543,"column":14},"end":{"line":543,"column":23}},"270":{"start":{"line":546,"column":2},"end":{"line":546,"column":21}},"271":{"start":{"line":547,"column":23},"end":{"line":547,"column":44}},"272":{"start":{"line":548,"column":17},"end":{"line":548,"column":19}},"273":{"start":{"line":549,"column":2},"end":{"line":556,"column":5}},"274":{"start":{"line":551,"column":4},"end":{"line":551,"column":54}},"275":{"start":{"line":551,"column":34},"end":{"line":551,"column":51}},"276":{"start":{"line":552,"column":4},"end":{"line":555,"column":7}},"277":{"start":{"line":553,"column":25},"end":{"line":553,"column":47}},"278":{"start":{"line":561,"column":15},"end":{"line":561,"column":32}},"279":{"start":{"line":562,"column":2},"end":{"line":562,"column":27}},"280":{"start":{"line":563,"column":2},"end":{"line":568,"column":5}},"281":{"start":{"line":569,"column":2},"end":{"line":569,"column":29}},"282":{"start":{"line":572,"column":2},"end":{"line":574,"column":3}},"283":{"start":{"line":573,"column":4},"end":{"line":573,"column":28}},"284":{"start":{"line":576,"column":2},"end":{"line":585,"column":3}},"285":{"start":{"line":577,"column":4},"end":{"line":583,"column":5}},"286":{"start":{"line":580,"column":6},"end":{"line":582,"column":9}},"287":{"start":{"line":581,"column":8},"end":{"line":581,"column":35}},"288":{"start":{"line":584,"column":4},"end":{"line":584,"column":59}},"289":{"start":{"line":584,"column":31},"end":{"line":584,"column":55}},"290":{"start":{"line":589,"column":15},"end":{"line":589,"column":27}},"291":{"start":{"line":590,"column":18},"end":{"line":590,"column":51}},"292":{"start":{"line":593,"column":2},"end":{"line":595,"column":3}},"293":{"start":{"line":594,"column":4},"end":{"line":594,"column":51}},"294":{"start":{"line":598,"column":2},"end":{"line":604,"column":3}},"295":{"start":{"line":599,"column":22},"end":{"line":599,"column":66}},"296":{"start":{"line":600,"column":21},"end":{"line":600,"column":42}},"297":{"start":{"line":601,"column":4},"end":{"line":603,"column":7}},"298":{"start":{"line":602,"column":6},"end":{"line":602,"column":53}},"299":{"start":{"line":606,"column":14},"end":{"line":606,"column":71}},"300":{"start":{"line":608,"column":2},"end":{"line":611,"column":5}},"301":{"start":{"line":609,"column":25},"end":{"line":609,"column":40}},"302":{"start":{"line":610,"column":4},"end":{"line":610,"column":61}},"303":{"start":{"line":613,"column":2},"end":{"line":617,"column":5}},"304":{"start":{"line":614,"column":15},"end":{"line":614,"column":50}},"305":{"start":{"line":615,"column":18},"end":{"line":615,"column":42}},"306":{"start":{"line":616,"column":4},"end":{"line":616,"column":48}},"307":{"start":{"line":619,"column":2},"end":{"line":622,"column":5}},"308":{"start":{"line":620,"column":25},"end":{"line":620,"column":40}},"309":{"start":{"line":621,"column":4},"end":{"line":621,"column":57}},"310":{"start":{"line":624,"column":2},"end":{"line":626,"column":5}},"311":{"start":{"line":625,"column":4},"end":{"line":625,"column":66}},"312":{"start":{"line":634,"column":20},"end":{"line":634,"column":36}},"313":{"start":{"line":636,"column":14},"end":{"line":670,"column":3}},"314":{"start":{"line":638,"column":17},"end":{"line":638,"column":60}},"315":{"start":{"line":639,"column":20},"end":{"line":639,"column":32}},"316":{"start":{"line":640,"column":20},"end":{"line":640,"column":32}},"317":{"start":{"line":641,"column":17},"end":{"line":641,"column":26}},"318":{"start":{"line":643,"column":6},"end":{"line":649,"column":7}},"319":{"start":{"line":644,"column":8},"end":{"line":644,"column":32}},"320":{"start":{"line":645,"column":8},"end":{"line":648,"column":9}},"321":{"start":{"line":646,"column":10},"end":{"line":646,"column":105}},"322":{"start":{"line":647,"column":10},"end":{"line":647,"column":16}},"323":{"start":{"line":651,"column":6},"end":{"line":651,"column":42}},"324":{"start":{"line":655,"column":17},"end":{"line":655,"column":60}},"325":{"start":{"line":656,"column":20},"end":{"line":656,"column":32}},"326":{"start":{"line":657,"column":20},"end":{"line":657,"column":32}},"327":{"start":{"line":658,"column":17},"end":{"line":658,"column":26}},"328":{"start":{"line":660,"column":6},"end":{"line":666,"column":7}},"329":{"start":{"line":661,"column":8},"end":{"line":661,"column":32}},"330":{"start":{"line":662,"column":8},"end":{"line":665,"column":9}},"331":{"start":{"line":663,"column":10},"end":{"line":663,"column":107}},"332":{"start":{"line":664,"column":10},"end":{"line":664,"column":16}},"333":{"start":{"line":668,"column":6},"end":{"line":668,"column":43}},"334":{"start":{"line":674,"column":2},"end":{"line":683,"column":5}},"335":{"start":{"line":677,"column":24},"end":{"line":677,"column":45}},"336":{"start":{"line":678,"column":24},"end":{"line":678,"column":66}},"337":{"start":{"line":681,"column":25},"end":{"line":681,"column":66}},"338":{"start":{"line":685,"column":2},"end":{"line":685,"column":14}},"339":{"start":{"line":689,"column":21},"end":{"line":689,"column":23}},"340":{"start":{"line":691,"column":17},"end":{"line":691,"column":33}},"341":{"start":{"line":692,"column":2},"end":{"line":706,"column":5}},"342":{"start":{"line":694,"column":4},"end":{"line":694,"column":57}},"343":{"start":{"line":694,"column":49},"end":{"line":694,"column":55}},"344":{"start":{"line":697,"column":20},"end":{"line":697,"column":40}},"345":{"start":{"line":702,"column":4},"end":{"line":705,"column":7}},"346":{"start":{"line":703,"column":25},"end":{"line":703,"column":52}},"347":{"start":{"line":708,"column":2},"end":{"line":708,"column":21}},"348":{"start":{"line":712,"column":14},"end":{"line":712,"column":69}},"349":{"start":{"line":713,"column":2},"end":{"line":715,"column":5}},"350":{"start":{"line":714,"column":4},"end":{"line":714,"column":46}},"351":{"start":{"line":719,"column":14},"end":{"line":719,"column":65}},"352":{"start":{"line":720,"column":2},"end":{"line":740,"column":5}},"353":{"start":{"line":721,"column":14},"end":{"line":728,"column":19}},"354":{"start":{"line":729,"column":4},"end":{"line":731,"column":5}},"355":{"start":{"line":730,"column":6},"end":{"line":730,"column":33}},"356":{"start":{"line":732,"column":4},"end":{"line":739,"column":5}},"357":{"start":{"line":733,"column":6},"end":{"line":736,"column":8}},"358":{"start":{"line":734,"column":8},"end":{"line":734,"column":51}},"359":{"start":{"line":735,"column":8},"end":{"line":735,"column":17}},"360":{"start":{"line":738,"column":6},"end":{"line":738,"column":16}},"361":{"start":{"line":744,"column":2},"end":{"line":749,"column":3}},"362":{"start":{"line":745,"column":4},"end":{"line":747,"column":5}},"363":{"start":{"line":746,"column":6},"end":{"line":746,"column":62}},"364":{"start":{"line":748,"column":4},"end":{"line":748,"column":10}},"365":{"start":{"line":750,"column":2},"end":{"line":757,"column":4}},"366":{"start":{"line":751,"column":4},"end":{"line":756,"column":5}},"367":{"start":{"line":761,"column":2},"end":{"line":765,"column":33}},"368":{"start":{"line":761,"column":33},"end":{"line":761,"column":58}},"369":{"start":{"line":762,"column":4},"end":{"line":764,"column":5}},"370":{"start":{"line":763,"column":6},"end":{"line":763,"column":93}},"371":{"start":{"line":769,"column":2},"end":{"line":771,"column":11}},"372":{"start":{"line":770,"column":42},"end":{"line":770,"column":60}},"373":{"start":{"line":775,"column":2},"end":{"line":779,"column":3}},"374":{"start":{"line":776,"column":4},"end":{"line":776,"column":22}},"375":{"start":{"line":777,"column":4},"end":{"line":777,"column":19}},"376":{"start":{"line":778,"column":4},"end":{"line":778,"column":21}},"377":{"start":{"line":781,"column":2},"end":{"line":783,"column":3}},"378":{"start":{"line":782,"column":4},"end":{"line":782,"column":103}},"379":{"start":{"line":785,"column":2},"end":{"line":785,"column":59}},"380":{"start":{"line":789,"column":2},"end":{"line":796,"column":3}},"381":{"start":{"line":790,"column":4},"end":{"line":794,"column":5}},"382":{"start":{"line":791,"column":6},"end":{"line":793,"column":8}},"383":{"start":{"line":795,"column":4},"end":{"line":795,"column":10}},"384":{"start":{"line":797,"column":2},"end":{"line":797,"column":13}},"385":{"start":{"line":798,"column":2},"end":{"line":798,"column":18}},"386":{"start":{"line":801,"column":15},"end":{"line":826,"column":2}},"387":{"start":{"line":802,"column":12},"end":{"line":802,"column":14}},"388":{"start":{"line":803,"column":2},"end":{"line":824,"column":5}},"389":{"start":{"line":804,"column":14},"end":{"line":804,"column":21}},"390":{"start":{"line":805,"column":14},"end":{"line":805,"column":21}},"391":{"start":{"line":807,"column":4},"end":{"line":821,"column":6}},"392":{"start":{"line":808,"column":18},"end":{"line":808,"column":35}},"393":{"start":{"line":809,"column":20},"end":{"line":809,"column":39}},"394":{"start":{"line":810,"column":6},"end":{"line":817,"column":7}},"395":{"start":{"line":811,"column":21},"end":{"line":811,"column":77}},"396":{"start":{"line":812,"column":8},"end":{"line":814,"column":9}},"397":{"start":{"line":813,"column":10},"end":{"line":813,"column":16}},"398":{"start":{"line":815,"column":8},"end":{"line":815,"column":37}},"399":{"start":{"line":816,"column":8},"end":{"line":816,"column":41}},"400":{"start":{"line":818,"column":6},"end":{"line":820,"column":20}},"401":{"start":{"line":823,"column":4},"end":{"line":823,"column":25}},"402":{"start":{"line":825,"column":2},"end":{"line":825,"column":12}},"403":{"start":{"line":828,"column":17},"end":{"line":849,"column":2}},"404":{"start":{"line":829,"column":12},"end":{"line":829,"column":14}},"405":{"start":{"line":830,"column":2},"end":{"line":847,"column":5}},"406":{"start":{"line":831,"column":14},"end":{"line":831,"column":21}},"407":{"start":{"line":832,"column":14},"end":{"line":832,"column":21}},"408":{"start":{"line":834,"column":4},"end":{"line":834,"column":26}},"409":{"start":{"line":835,"column":4},"end":{"line":844,"column":6}},"410":{"start":{"line":836,"column":6},"end":{"line":838,"column":7}},"411":{"start":{"line":837,"column":8},"end":{"line":837,"column":14}},"412":{"start":{"line":839,"column":6},"end":{"line":842,"column":7}},"413":{"start":{"line":840,"column":8},"end":{"line":840,"column":57}},"414":{"start":{"line":841,"column":8},"end":{"line":841,"column":14}},"415":{"start":{"line":843,"column":6},"end":{"line":843,"column":37}},"416":{"start":{"line":846,"column":4},"end":{"line":846,"column":25}},"417":{"start":{"line":848,"column":2},"end":{"line":848,"column":12}},"418":{"start":{"line":851,"column":17},"end":{"line":877,"column":2}},"419":{"start":{"line":852,"column":12},"end":{"line":852,"column":14}},"420":{"start":{"line":853,"column":2},"end":{"line":875,"column":5}},"421":{"start":{"line":854,"column":14},"end":{"line":854,"column":21}},"422":{"start":{"line":855,"column":14},"end":{"line":855,"column":21}},"423":{"start":{"line":857,"column":4},"end":{"line":874,"column":6}},"424":{"start":{"line":858,"column":24},"end":{"line":858,"column":33}},"425":{"start":{"line":860,"column":17},"end":{"line":860,"column":19}},"426":{"start":{"line":860,"column":27},"end":{"line":860,"column":43}},"427":{"start":{"line":861,"column":6},"end":{"line":861,"column":59}},"428":{"start":{"line":861,"column":24},"end":{"line":861,"column":57}},"429":{"start":{"line":863,"column":21},"end":{"line":863,"column":41}},"430":{"start":{"line":864,"column":6},"end":{"line":870,"column":7}},"431":{"start":{"line":865,"column":21},"end":{"line":865,"column":79}},"432":{"start":{"line":866,"column":8},"end":{"line":868,"column":9}},"433":{"start":{"line":867,"column":10},"end":{"line":867,"column":16}},"434":{"start":{"line":869,"column":8},"end":{"line":869,"column":43}},"435":{"start":{"line":871,"column":6},"end":{"line":873,"column":57}},"436":{"start":{"line":876,"column":2},"end":{"line":876,"column":12}},"437":{"start":{"line":880,"column":2},"end":{"line":882,"column":84}},"438":{"start":{"line":881,"column":31},"end":{"line":881,"column":63}},"439":{"start":{"line":882,"column":44},"end":{"line":882,"column":81}},"440":{"start":{"line":886,"column":2},"end":{"line":894,"column":3}},"441":{"start":{"line":887,"column":4},"end":{"line":892,"column":5}},"442":{"start":{"line":888,"column":6},"end":{"line":888,"column":22}},"443":{"start":{"line":889,"column":6},"end":{"line":889,"column":21}},"444":{"start":{"line":890,"column":11},"end":{"line":892,"column":5}},"445":{"start":{"line":891,"column":6},"end":{"line":891,"column":23}},"446":{"start":{"line":893,"column":4},"end":{"line":893,"column":29}},"447":{"start":{"line":898,"column":15},"end":{"line":898,"column":52}},"448":{"start":{"line":899,"column":2},"end":{"line":901,"column":3}},"449":{"start":{"line":900,"column":4},"end":{"line":900,"column":91}},"450":{"start":{"line":902,"column":2},"end":{"line":902,"column":15}},"451":{"start":{"line":905,"column":22},"end":{"line":909,"column":2}},"452":{"start":{"line":919,"column":4},"end":{"line":919,"column":56}},"453":{"start":{"line":919,"column":30},"end":{"line":919,"column":56}},"454":{"start":{"line":921,"column":23},"end":{"line":921,"column":43}},"455":{"start":{"line":923,"column":4},"end":{"line":925,"column":5}},"456":{"start":{"line":924,"column":8},"end":{"line":924,"column":17}},"457":{"start":{"line":928,"column":17},"end":{"line":928,"column":175}},"458":{"start":{"line":928,"column":54},"end":{"line":928,"column":156}},"459":{"start":{"line":931,"column":4},"end":{"line":933,"column":5}},"460":{"start":{"line":932,"column":8},"end":{"line":932,"column":112}},"461":{"start":{"line":935,"column":4},"end":{"line":935,"column":18}},"462":{"start":{"line":947,"column":20},"end":{"line":947,"column":33}},"463":{"start":{"line":948,"column":23},"end":{"line":948,"column":39}},"464":{"start":{"line":949,"column":22},"end":{"line":949,"column":37}},"465":{"start":{"line":950,"column":28},"end":{"line":950,"column":49}},"466":{"start":{"line":951,"column":27},"end":{"line":951,"column":47}},"467":{"start":{"line":953,"column":22},"end":{"line":953,"column":78}},"468":{"start":{"line":954,"column":23},"end":{"line":954,"column":82}},"469":{"start":{"line":955,"column":4},"end":{"line":955,"column":77}},"470":{"start":{"line":958,"column":19},"end":{"line":965,"column":1}},"471":{"start":{"line":962,"column":12},"end":{"line":962,"column":22}},"472":{"start":{"line":969,"column":18},"end":{"line":971,"column":15}},"473":{"start":{"line":973,"column":4},"end":{"line":992,"column":6}},"474":{"start":{"line":977,"column":16},"end":{"line":977,"column":31}},"475":{"start":{"line":980,"column":16},"end":{"line":980,"column":69}},"476":{"start":{"line":985,"column":32},"end":{"line":985,"column":56}},"477":{"start":{"line":986,"column":16},"end":{"line":986,"column":144}},"478":{"start":{"line":989,"column":16},"end":{"line":989,"column":77}},"479":{"start":{"line":997,"column":13},"end":{"line":1005,"column":1}},"480":{"start":{"line":1002,"column":12},"end":{"line":1002,"column":38}},"481":{"start":{"line":1008,"column":33},"end":{"line":1008,"column":39}},"482":{"start":{"line":1011,"column":21},"end":{"line":1042,"column":1}},"483":{"start":{"line":1012,"column":12},"end":{"line":1012,"column":16}},"484":{"start":{"line":1013,"column":11},"end":{"line":1013,"column":29}},"485":{"start":{"line":1014,"column":11},"end":{"line":1014,"column":29}},"486":{"start":{"line":1015,"column":2},"end":{"line":1041,"column":4}},"487":{"start":{"line":1022,"column":14},"end":{"line":1022,"column":38}},"488":{"start":{"line":1023,"column":14},"end":{"line":1023,"column":49}},"489":{"start":{"line":1043,"column":30},"end":{"line":1043,"column":32}},"490":{"start":{"line":1044,"column":0},"end":{"line":1044,"column":36}},"491":{"start":{"line":1047,"column":30},"end":{"line":1047,"column":39}},"492":{"start":{"line":1049,"column":25},"end":{"line":1049,"column":34}},"493":{"start":{"line":1051,"column":34},"end":{"line":1051,"column":43}},"494":{"start":{"line":1053,"column":39},"end":{"line":1053,"column":44}},"495":{"start":{"line":1060,"column":20},"end":{"line":1060,"column":91}},"496":{"start":{"line":1063,"column":4},"end":{"line":1063,"column":106}},"497":{"start":{"line":1065,"column":4},"end":{"line":1071,"column":5}},"498":{"start":{"line":1066,"column":6},"end":{"line":1066,"column":41}},"499":{"start":{"line":1067,"column":6},"end":{"line":1067,"column":59}},"500":{"start":{"line":1068,"column":6},"end":{"line":1068,"column":33}},"501":{"start":{"line":1070,"column":6},"end":{"line":1070,"column":54}},"502":{"start":{"line":1070,"column":24},"end":{"line":1070,"column":52}},"503":{"start":{"line":1073,"column":4},"end":{"line":1073,"column":31}},"504":{"start":{"line":1075,"column":4},"end":{"line":1075,"column":20}},"505":{"start":{"line":1079,"column":15},"end":{"line":1079,"column":72}},"506":{"start":{"line":1080,"column":17},"end":{"line":1080,"column":88}},"507":{"start":{"line":1082,"column":6},"end":{"line":1083,"column":61}},"508":{"start":{"line":1085,"column":4},"end":{"line":1132,"column":5}},"509":{"start":{"line":1086,"column":6},"end":{"line":1086,"column":84}},"510":{"start":{"line":1086,"column":76},"end":{"line":1086,"column":82}},"511":{"start":{"line":1088,"column":18},"end":{"line":1088,"column":55}},"512":{"start":{"line":1089,"column":18},"end":{"line":1089,"column":95}},"513":{"start":{"line":1091,"column":6},"end":{"line":1131,"column":7}},"514":{"start":{"line":1092,"column":19},"end":{"line":1092,"column":29}},"515":{"start":{"line":1093,"column":20},"end":{"line":1093,"column":36}},"516":{"start":{"line":1095,"column":8},"end":{"line":1095,"column":27}},"517":{"start":{"line":1097,"column":8},"end":{"line":1099,"column":9}},"518":{"start":{"line":1098,"column":10},"end":{"line":1098,"column":101}},"519":{"start":{"line":1101,"column":8},"end":{"line":1112,"column":9}},"520":{"start":{"line":1102,"column":19},"end":{"line":1102,"column":66}},"521":{"start":{"line":1103,"column":10},"end":{"line":1103,"column":31}},"522":{"start":{"line":1105,"column":10},"end":{"line":1105,"column":65}},"523":{"start":{"line":1105,"column":27},"end":{"line":1105,"column":63}},"524":{"start":{"line":1106,"column":10},"end":{"line":1109,"column":11}},"525":{"start":{"line":1107,"column":12},"end":{"line":1107,"column":49}},"526":{"start":{"line":1108,"column":12},"end":{"line":1108,"column":52}},"527":{"start":{"line":1111,"column":10},"end":{"line":1111,"column":31}},"528":{"start":{"line":1114,"column":8},"end":{"line":1117,"column":9}},"529":{"start":{"line":1115,"column":10},"end":{"line":1115,"column":74}},"530":{"start":{"line":1116,"column":10},"end":{"line":1116,"column":67}},"531":{"start":{"line":1119,"column":8},"end":{"line":1130,"column":9}},"532":{"start":{"line":1120,"column":10},"end":{"line":1120,"column":33}},"533":{"start":{"line":1121,"column":10},"end":{"line":1123,"column":24}},"534":{"start":{"line":1125,"column":25},"end":{"line":1125,"column":54}},"535":{"start":{"line":1126,"column":22},"end":{"line":1126,"column":46}},"536":{"start":{"line":1127,"column":10},"end":{"line":1127,"column":72}},"537":{"start":{"line":1127,"column":30},"end":{"line":1127,"column":70}},"538":{"start":{"line":1128,"column":10},"end":{"line":1129,"column":55}},"539":{"start":{"line":1128,"column":30},"end":{"line":1128,"column":81}},"540":{"start":{"line":1129,"column":17},"end":{"line":1129,"column":53}},"541":{"start":{"line":1138,"column":16},"end":{"line":1147,"column":3}},"542":{"start":{"line":1154,"column":18},"end":{"line":1160,"column":16}},"543":{"start":{"line":1162,"column":13},"end":{"line":1162,"column":51}},"544":{"start":{"line":1164,"column":4},"end":{"line":1167,"column":5}},"545":{"start":{"line":1165,"column":8},"end":{"line":1165,"column":53}},"546":{"start":{"line":1166,"column":8},"end":{"line":1166,"column":20}},"547":{"start":{"line":1169,"column":4},"end":{"line":1169,"column":17}},"548":{"start":{"line":1173,"column":12},"end":{"line":1173,"column":20}},"549":{"start":{"line":1175,"column":32},"end":{"line":1175,"column":55}},"550":{"start":{"line":1177,"column":28},"end":{"line":1221,"column":1}},"551":{"start":{"line":1179,"column":8},"end":{"line":1181,"column":10}},"552":{"start":{"line":1188,"column":12},"end":{"line":1188,"column":146}},"553":{"start":{"line":1191,"column":12},"end":{"line":1191,"column":47}},"554":{"start":{"line":1195,"column":25},"end":{"line":1195,"column":29}},"555":{"start":{"line":1198,"column":22},"end":{"line":1198,"column":82}},"556":{"start":{"line":1199,"column":12},"end":{"line":1199,"column":58}},"557":{"start":{"line":1201,"column":12},"end":{"line":1205,"column":18}},"558":{"start":{"line":1202,"column":16},"end":{"line":1204,"column":19}},"559":{"start":{"line":1203,"column":20},"end":{"line":1203,"column":52}},"560":{"start":{"line":1212,"column":16},"end":{"line":1214,"column":17}},"561":{"start":{"line":1213,"column":20},"end":{"line":1213,"column":27}},"562":{"start":{"line":1216,"column":16},"end":{"line":1217,"column":63}},"563":{"start":{"line":1226,"column":15},"end":{"line":1300,"column":1}},"564":{"start":{"line":1240,"column":8},"end":{"line":1243,"column":10}},"565":{"start":{"line":1248,"column":25},"end":{"line":1248,"column":29}},"566":{"start":{"line":1250,"column":22},"end":{"line":1250,"column":34}},"567":{"start":{"line":1251,"column":25},"end":{"line":1251,"column":35}},"568":{"start":{"line":1253,"column":12},"end":{"line":1255,"column":13}},"569":{"start":{"line":1254,"column":16},"end":{"line":1254,"column":26}},"570":{"start":{"line":1257,"column":12},"end":{"line":1257,"column":81}},"571":{"start":{"line":1257,"column":49},"end":{"line":1257,"column":77}},"572":{"start":{"line":1260,"column":12},"end":{"line":1260,"column":48}},"573":{"start":{"line":1263,"column":12},"end":{"line":1263,"column":71}},"574":{"start":{"line":1268,"column":25},"end":{"line":1268,"column":29}},"575":{"start":{"line":1270,"column":22},"end":{"line":1270,"column":34}},"576":{"start":{"line":1271,"column":28},"end":{"line":1271,"column":41}},"577":{"start":{"line":1272,"column":21},"end":{"line":1272,"column":27}},"578":{"start":{"line":1274,"column":12},"end":{"line":1274,"column":48}},"579":{"start":{"line":1276,"column":12},"end":{"line":1278,"column":13}},"580":{"start":{"line":1277,"column":16},"end":{"line":1277,"column":23}},"581":{"start":{"line":1280,"column":12},"end":{"line":1282,"column":37}},"582":{"start":{"line":1281,"column":16},"end":{"line":1281,"column":76}},"583":{"start":{"line":1285,"column":12},"end":{"line":1285,"column":64}},"584":{"start":{"line":1286,"column":12},"end":{"line":1286,"column":81}},"585":{"start":{"line":1289,"column":12},"end":{"line":1289,"column":32}},"586":{"start":{"line":1292,"column":12},"end":{"line":1294,"column":13}},"587":{"start":{"line":1293,"column":16},"end":{"line":1293,"column":50}},"588":{"start":{"line":1296,"column":12},"end":{"line":1298,"column":13}},"589":{"start":{"line":1297,"column":16},"end":{"line":1297,"column":56}},"590":{"start":{"line":1303,"column":35},"end":{"line":1303,"column":43}},"591":{"start":{"line":1306,"column":23},"end":{"line":1399,"column":1}},"592":{"start":{"line":1307,"column":12},"end":{"line":1307,"column":16}},"593":{"start":{"line":1308,"column":11},"end":{"line":1308,"column":29}},"594":{"start":{"line":1309,"column":11},"end":{"line":1309,"column":29}},"595":{"start":{"line":1310,"column":2},"end":{"line":1398,"column":3}},"596":{"start":{"line":1345,"column":32},"end":{"line":1345,"column":56}},"597":{"start":{"line":1346,"column":32},"end":{"line":1346,"column":65}},"598":{"start":{"line":1362,"column":40},"end":{"line":1362,"column":73}},"599":{"start":{"line":1400,"column":32},"end":{"line":1400,"column":34}},"600":{"start":{"line":1401,"column":0},"end":{"line":1401,"column":38}},"601":{"start":{"line":1404,"column":32},"end":{"line":1404,"column":41}},"602":{"start":{"line":1406,"column":27},"end":{"line":1406,"column":36}},"603":{"start":{"line":1408,"column":36},"end":{"line":1408,"column":45}},"604":{"start":{"line":1410,"column":41},"end":{"line":1410,"column":46}},"605":{"start":{"line":1417,"column":20},"end":{"line":1417,"column":82}},"606":{"start":{"line":1420,"column":4},"end":{"line":1420,"column":110}},"607":{"start":{"line":1422,"column":4},"end":{"line":1428,"column":5}},"608":{"start":{"line":1423,"column":6},"end":{"line":1423,"column":41}},"609":{"start":{"line":1424,"column":6},"end":{"line":1424,"column":59}},"610":{"start":{"line":1425,"column":6},"end":{"line":1425,"column":33}},"611":{"start":{"line":1427,"column":6},"end":{"line":1427,"column":54}},"612":{"start":{"line":1427,"column":24},"end":{"line":1427,"column":52}},"613":{"start":{"line":1430,"column":4},"end":{"line":1430,"column":31}},"614":{"start":{"line":1432,"column":4},"end":{"line":1432,"column":20}},"615":{"start":{"line":1436,"column":15},"end":{"line":1436,"column":72}},"616":{"start":{"line":1437,"column":17},"end":{"line":1437,"column":92}},"617":{"start":{"line":1439,"column":6},"end":{"line":1440,"column":61}},"618":{"start":{"line":1442,"column":4},"end":{"line":1489,"column":5}},"619":{"start":{"line":1443,"column":6},"end":{"line":1443,"column":84}},"620":{"start":{"line":1443,"column":76},"end":{"line":1443,"column":82}},"621":{"start":{"line":1445,"column":18},"end":{"line":1445,"column":55}},"622":{"start":{"line":1446,"column":18},"end":{"line":1446,"column":95}},"623":{"start":{"line":1448,"column":6},"end":{"line":1488,"column":7}},"624":{"start":{"line":1449,"column":19},"end":{"line":1449,"column":29}},"625":{"start":{"line":1450,"column":20},"end":{"line":1450,"column":36}},"626":{"start":{"line":1452,"column":8},"end":{"line":1452,"column":27}},"627":{"start":{"line":1454,"column":8},"end":{"line":1456,"column":9}},"628":{"start":{"line":1455,"column":10},"end":{"line":1455,"column":101}},"629":{"start":{"line":1458,"column":8},"end":{"line":1469,"column":9}},"630":{"start":{"line":1459,"column":19},"end":{"line":1459,"column":66}},"631":{"start":{"line":1460,"column":10},"end":{"line":1460,"column":31}},"632":{"start":{"line":1462,"column":10},"end":{"line":1462,"column":65}},"633":{"start":{"line":1462,"column":27},"end":{"line":1462,"column":63}},"634":{"start":{"line":1463,"column":10},"end":{"line":1466,"column":11}},"635":{"start":{"line":1464,"column":12},"end":{"line":1464,"column":49}},"636":{"start":{"line":1465,"column":12},"end":{"line":1465,"column":52}},"637":{"start":{"line":1468,"column":10},"end":{"line":1468,"column":31}},"638":{"start":{"line":1471,"column":8},"end":{"line":1474,"column":9}},"639":{"start":{"line":1472,"column":10},"end":{"line":1472,"column":74}},"640":{"start":{"line":1473,"column":10},"end":{"line":1473,"column":67}},"641":{"start":{"line":1476,"column":8},"end":{"line":1487,"column":9}},"642":{"start":{"line":1477,"column":10},"end":{"line":1477,"column":33}},"643":{"start":{"line":1478,"column":10},"end":{"line":1480,"column":24}},"644":{"start":{"line":1482,"column":25},"end":{"line":1482,"column":54}},"645":{"start":{"line":1483,"column":22},"end":{"line":1483,"column":46}},"646":{"start":{"line":1484,"column":10},"end":{"line":1484,"column":72}},"647":{"start":{"line":1484,"column":30},"end":{"line":1484,"column":70}},"648":{"start":{"line":1485,"column":10},"end":{"line":1486,"column":55}},"649":{"start":{"line":1485,"column":30},"end":{"line":1485,"column":81}},"650":{"start":{"line":1486,"column":17},"end":{"line":1486,"column":53}},"651":{"start":{"line":1495,"column":16},"end":{"line":1504,"column":3}},"652":{"start":{"line":1506,"column":21},"end":{"line":1506,"column":142}},"653":{"start":{"line":1509,"column":1},"end":{"line":1509,"column":77}},"654":{"start":{"line":1512,"column":15},"end":{"line":1978,"column":2}},"655":{"start":{"line":1519,"column":0},"end":{"line":1977,"column":4}},"656":{"start":{"line":1521,"column":2},"end":{"line":1528,"column":3}},"657":{"start":{"line":1523,"column":4},"end":{"line":1523,"column":27}},"658":{"start":{"line":1527,"column":4},"end":{"line":1527,"column":31}},"659":{"start":{"line":1533,"column":17},"end":{"line":1537,"column":3}},"660":{"start":{"line":1538,"column":2},"end":{"line":1538,"column":135}},"661":{"start":{"line":1546,"column":4},"end":{"line":1546,"column":29}},"662":{"start":{"line":1547,"column":4},"end":{"line":1547,"column":25}},"663":{"start":{"line":1549,"column":2},"end":{"line":1578,"column":4}},"664":{"start":{"line":1557,"column":6},"end":{"line":1557,"column":39}},"665":{"start":{"line":1558,"column":6},"end":{"line":1558,"column":27}},"666":{"start":{"line":1566,"column":6},"end":{"line":1569,"column":7}},"667":{"start":{"line":1567,"column":8},"end":{"line":1567,"column":95}},"668":{"start":{"line":1568,"column":8},"end":{"line":1568,"column":28}},"669":{"start":{"line":1576,"column":6},"end":{"line":1576,"column":25}},"670":{"start":{"line":1585,"column":4},"end":{"line":1585,"column":84}},"671":{"start":{"line":1592,"column":22},"end":{"line":1592,"column":31}},"672":{"start":{"line":1594,"column":4},"end":{"line":1596,"column":5}},"673":{"start":{"line":1595,"column":6},"end":{"line":1595,"column":62}},"674":{"start":{"line":1598,"column":17},"end":{"line":1598,"column":29}},"675":{"start":{"line":1602,"column":4},"end":{"line":1614,"column":5}},"676":{"start":{"line":1603,"column":24},"end":{"line":1603,"column":44}},"677":{"start":{"line":1605,"column":6},"end":{"line":1613,"column":7}},"678":{"start":{"line":1607,"column":8},"end":{"line":1612,"column":9}},"679":{"start":{"line":1608,"column":10},"end":{"line":1608,"column":62}},"680":{"start":{"line":1611,"column":10},"end":{"line":1611,"column":56}},"681":{"start":{"line":1616,"column":4},"end":{"line":1616,"column":18}},"682":{"start":{"line":1623,"column":4},"end":{"line":1623,"column":54}},"683":{"start":{"line":1635,"column":4},"end":{"line":1635,"column":48}},"684":{"start":{"line":1637,"column":4},"end":{"line":1637,"column":30}},"685":{"start":{"line":1638,"column":4},"end":{"line":1638,"column":33}},"686":{"start":{"line":1639,"column":4},"end":{"line":1639,"column":66}},"687":{"start":{"line":1640,"column":4},"end":{"line":1640,"column":44}},"688":{"start":{"line":1641,"column":4},"end":{"line":1641,"column":43}},"689":{"start":{"line":1642,"column":4},"end":{"line":1642,"column":45}},"690":{"start":{"line":1643,"column":4},"end":{"line":1643,"column":34}},"691":{"start":{"line":1644,"column":4},"end":{"line":1644,"column":42}},"692":{"start":{"line":1645,"column":4},"end":{"line":1645,"column":44}},"693":{"start":{"line":1646,"column":4},"end":{"line":1646,"column":42}},"694":{"start":{"line":1647,"column":4},"end":{"line":1647,"column":45}},"695":{"start":{"line":1648,"column":4},"end":{"line":1648,"column":45}},"696":{"start":{"line":1649,"column":4},"end":{"line":1649,"column":48}},"697":{"start":{"line":1651,"column":2},"end":{"line":1952,"column":4}},"698":{"start":{"line":1658,"column":6},"end":{"line":1660,"column":7}},"699":{"start":{"line":1659,"column":8},"end":{"line":1659,"column":15}},"700":{"start":{"line":1662,"column":6},"end":{"line":1662,"column":61}},"701":{"start":{"line":1663,"column":6},"end":{"line":1663,"column":52}},"702":{"start":{"line":1667,"column":6},"end":{"line":1667,"column":51}},"703":{"start":{"line":1669,"column":6},"end":{"line":1669,"column":18}},"704":{"start":{"line":1676,"column":19},"end":{"line":1676,"column":23}},"705":{"start":{"line":1678,"column":20},"end":{"line":1678,"column":32}},"706":{"start":{"line":1680,"column":6},"end":{"line":1680,"column":31}},"707":{"start":{"line":1682,"column":6},"end":{"line":1686,"column":7}},"708":{"start":{"line":1683,"column":8},"end":{"line":1685,"column":9}},"709":{"start":{"line":1684,"column":10},"end":{"line":1684,"column":53}},"710":{"start":{"line":1688,"column":6},"end":{"line":1688,"column":73}},"711":{"start":{"line":1696,"column":6},"end":{"line":1702,"column":7}},"712":{"start":{"line":1697,"column":8},"end":{"line":1697,"column":50}},"713":{"start":{"line":1698,"column":8},"end":{"line":1698,"column":32}},"714":{"start":{"line":1699,"column":8},"end":{"line":1699,"column":72}},"715":{"start":{"line":1701,"column":8},"end":{"line":1701,"column":37}},"716":{"start":{"line":1709,"column":22},"end":{"line":1709,"column":41}},"717":{"start":{"line":1710,"column":18},"end":{"line":1710,"column":30}},"718":{"start":{"line":1712,"column":6},"end":{"line":1716,"column":7}},"719":{"start":{"line":1713,"column":8},"end":{"line":1713,"column":40}},"720":{"start":{"line":1714,"column":8},"end":{"line":1714,"column":41}},"721":{"start":{"line":1715,"column":8},"end":{"line":1715,"column":48}},"722":{"start":{"line":1723,"column":22},"end":{"line":1723,"column":41}},"723":{"start":{"line":1724,"column":18},"end":{"line":1724,"column":30}},"724":{"start":{"line":1726,"column":6},"end":{"line":1730,"column":7}},"725":{"start":{"line":1727,"column":8},"end":{"line":1727,"column":43}},"726":{"start":{"line":1728,"column":8},"end":{"line":1728,"column":38}},"727":{"start":{"line":1729,"column":8},"end":{"line":1729,"column":44}},"728":{"start":{"line":1737,"column":22},"end":{"line":1737,"column":41}},"729":{"start":{"line":1738,"column":18},"end":{"line":1738,"column":30}},"730":{"start":{"line":1740,"column":6},"end":{"line":1744,"column":7}},"731":{"start":{"line":1741,"column":8},"end":{"line":1741,"column":35}},"732":{"start":{"line":1742,"column":8},"end":{"line":1742,"column":41}},"733":{"start":{"line":1743,"column":8},"end":{"line":1743,"column":44}},"734":{"start":{"line":1751,"column":22},"end":{"line":1751,"column":41}},"735":{"start":{"line":1752,"column":18},"end":{"line":1752,"column":30}},"736":{"start":{"line":1754,"column":6},"end":{"line":1758,"column":7}},"737":{"start":{"line":1755,"column":8},"end":{"line":1755,"column":38}},"738":{"start":{"line":1756,"column":8},"end":{"line":1756,"column":38}},"739":{"start":{"line":1757,"column":8},"end":{"line":1757,"column":50}},"740":{"start":{"line":1762,"column":22},"end":{"line":1762,"column":41}},"741":{"start":{"line":1763,"column":18},"end":{"line":1763,"column":30}},"742":{"start":{"line":1765,"column":6},"end":{"line":1769,"column":7}},"743":{"start":{"line":1766,"column":8},"end":{"line":1766,"column":38}},"744":{"start":{"line":1767,"column":8},"end":{"line":1767,"column":44}},"745":{"start":{"line":1768,"column":8},"end":{"line":1768,"column":50}},"746":{"start":{"line":1776,"column":22},"end":{"line":1776,"column":41}},"747":{"start":{"line":1777,"column":18},"end":{"line":1777,"column":30}},"748":{"start":{"line":1779,"column":6},"end":{"line":1783,"column":7}},"749":{"start":{"line":1780,"column":8},"end":{"line":1780,"column":41}},"750":{"start":{"line":1781,"column":8},"end":{"line":1781,"column":41}},"751":{"start":{"line":1782,"column":8},"end":{"line":1782,"column":56}},"752":{"start":{"line":1792,"column":6},"end":{"line":1796,"column":94}},"753":{"start":{"line":1805,"column":6},"end":{"line":1807,"column":38}},"754":{"start":{"line":1816,"column":6},"end":{"line":1819,"column":8}},"755":{"start":{"line":1827,"column":6},"end":{"line":1829,"column":55}},"756":{"start":{"line":1838,"column":17},"end":{"line":1838,"column":30}},"757":{"start":{"line":1839,"column":26},"end":{"line":1839,"column":50}},"758":{"start":{"line":1841,"column":6},"end":{"line":1845,"column":8}},"759":{"start":{"line":1854,"column":6},"end":{"line":1858,"column":8}},"760":{"start":{"line":1866,"column":6},"end":{"line":1868,"column":47}},"761":{"start":{"line":1877,"column":21},"end":{"line":1877,"column":39}},"762":{"start":{"line":1878,"column":21},"end":{"line":1878,"column":97}},"763":{"start":{"line":1880,"column":6},"end":{"line":1880,"column":35}},"764":{"start":{"line":1889,"column":6},"end":{"line":1889,"column":89}},"765":{"start":{"line":1899,"column":26},"end":{"line":1899,"column":64}},"766":{"start":{"line":1900,"column":21},"end":{"line":1900,"column":50}},"767":{"start":{"line":1902,"column":6},"end":{"line":1902,"column":62}},"768":{"start":{"line":1912,"column":25},"end":{"line":1912,"column":63}},"769":{"start":{"line":1913,"column":21},"end":{"line":1913,"column":50}},"770":{"start":{"line":1915,"column":6},"end":{"line":1915,"column":62}},"771":{"start":{"line":1922,"column":28},"end":{"line":1922,"column":45}},"772":{"start":{"line":1923,"column":26},"end":{"line":1923,"column":80}},"773":{"start":{"line":1924,"column":28},"end":{"line":1924,"column":83}},"774":{"start":{"line":1926,"column":6},"end":{"line":1928,"column":7}},"775":{"start":{"line":1927,"column":8},"end":{"line":1927,"column":15}},"776":{"start":{"line":1930,"column":6},"end":{"line":1934,"column":7}},"777":{"start":{"line":1931,"column":8},"end":{"line":1931,"column":19}},"778":{"start":{"line":1933,"column":8},"end":{"line":1933,"column":22}},"779":{"start":{"line":1936,"column":6},"end":{"line":1941,"column":7}},"780":{"start":{"line":1937,"column":8},"end":{"line":1937,"column":22}},"781":{"start":{"line":1940,"column":8},"end":{"line":1940,"column":25}},"782":{"start":{"line":1943,"column":6},"end":{"line":1948,"column":7}},"783":{"start":{"line":1944,"column":8},"end":{"line":1944,"column":21}},"784":{"start":{"line":1946,"column":11},"end":{"line":1948,"column":7}},"785":{"start":{"line":1947,"column":8},"end":{"line":1947,"column":19}},"786":{"start":{"line":1950,"column":6},"end":{"line":1950,"column":45}},"787":{"start":{"line":1957,"column":2},"end":{"line":1973,"column":4}},"788":{"start":{"line":1974,"column":2},"end":{"line":1974,"column":115}},"789":{"start":{"line":1976,"column":2},"end":{"line":1976,"column":18}},"790":{"start":{"line":1982,"column":15},"end":{"line":2004,"column":1}},"791":{"start":{"line":1992,"column":26},"end":{"line":2001,"column":16}},"792":{"start":{"line":2002,"column":8},"end":{"line":2002,"column":27}},"793":{"start":{"line":2007,"column":35},"end":{"line":2007,"column":43}},"794":{"start":{"line":2010,"column":23},"end":{"line":2015,"column":1}},"795":{"start":{"line":2011,"column":12},"end":{"line":2011,"column":16}},"796":{"start":{"line":2012,"column":11},"end":{"line":2012,"column":29}},"797":{"start":{"line":2013,"column":11},"end":{"line":2013,"column":29}},"798":{"start":{"line":2014,"column":2},"end":{"line":2014,"column":71}},"799":{"start":{"line":2016,"column":32},"end":{"line":2016,"column":34}},"800":{"start":{"line":2017,"column":0},"end":{"line":2017,"column":38}},"801":{"start":{"line":2020,"column":32},"end":{"line":2020,"column":41}},"802":{"start":{"line":2022,"column":27},"end":{"line":2022,"column":36}},"803":{"start":{"line":2024,"column":36},"end":{"line":2024,"column":45}},"804":{"start":{"line":2026,"column":41},"end":{"line":2026,"column":46}},"805":{"start":{"line":2033,"column":20},"end":{"line":2033,"column":82}},"806":{"start":{"line":2036,"column":4},"end":{"line":2036,"column":122}},"807":{"start":{"line":2038,"column":4},"end":{"line":2044,"column":5}},"808":{"start":{"line":2039,"column":6},"end":{"line":2039,"column":41}},"809":{"start":{"line":2040,"column":6},"end":{"line":2040,"column":59}},"810":{"start":{"line":2041,"column":6},"end":{"line":2041,"column":33}},"811":{"start":{"line":2043,"column":6},"end":{"line":2043,"column":54}},"812":{"start":{"line":2043,"column":24},"end":{"line":2043,"column":52}},"813":{"start":{"line":2046,"column":4},"end":{"line":2046,"column":31}},"814":{"start":{"line":2048,"column":4},"end":{"line":2048,"column":20}},"815":{"start":{"line":2052,"column":15},"end":{"line":2052,"column":72}},"816":{"start":{"line":2053,"column":17},"end":{"line":2053,"column":92}},"817":{"start":{"line":2055,"column":6},"end":{"line":2056,"column":61}},"818":{"start":{"line":2058,"column":4},"end":{"line":2105,"column":5}},"819":{"start":{"line":2059,"column":6},"end":{"line":2059,"column":84}},"820":{"start":{"line":2059,"column":76},"end":{"line":2059,"column":82}},"821":{"start":{"line":2061,"column":18},"end":{"line":2061,"column":55}},"822":{"start":{"line":2062,"column":18},"end":{"line":2062,"column":95}},"823":{"start":{"line":2064,"column":6},"end":{"line":2104,"column":7}},"824":{"start":{"line":2065,"column":19},"end":{"line":2065,"column":29}},"825":{"start":{"line":2066,"column":20},"end":{"line":2066,"column":36}},"826":{"start":{"line":2068,"column":8},"end":{"line":2068,"column":27}},"827":{"start":{"line":2070,"column":8},"end":{"line":2072,"column":9}},"828":{"start":{"line":2071,"column":10},"end":{"line":2071,"column":101}},"829":{"start":{"line":2074,"column":8},"end":{"line":2085,"column":9}},"830":{"start":{"line":2075,"column":19},"end":{"line":2075,"column":66}},"831":{"start":{"line":2076,"column":10},"end":{"line":2076,"column":31}},"832":{"start":{"line":2078,"column":10},"end":{"line":2078,"column":65}},"833":{"start":{"line":2078,"column":27},"end":{"line":2078,"column":63}},"834":{"start":{"line":2079,"column":10},"end":{"line":2082,"column":11}},"835":{"start":{"line":2080,"column":12},"end":{"line":2080,"column":49}},"836":{"start":{"line":2081,"column":12},"end":{"line":2081,"column":52}},"837":{"start":{"line":2084,"column":10},"end":{"line":2084,"column":31}},"838":{"start":{"line":2087,"column":8},"end":{"line":2090,"column":9}},"839":{"start":{"line":2088,"column":10},"end":{"line":2088,"column":74}},"840":{"start":{"line":2089,"column":10},"end":{"line":2089,"column":67}},"841":{"start":{"line":2092,"column":8},"end":{"line":2103,"column":9}},"842":{"start":{"line":2093,"column":10},"end":{"line":2093,"column":33}},"843":{"start":{"line":2094,"column":10},"end":{"line":2096,"column":24}},"844":{"start":{"line":2098,"column":25},"end":{"line":2098,"column":54}},"845":{"start":{"line":2099,"column":22},"end":{"line":2099,"column":46}},"846":{"start":{"line":2100,"column":10},"end":{"line":2100,"column":72}},"847":{"start":{"line":2100,"column":30},"end":{"line":2100,"column":70}},"848":{"start":{"line":2101,"column":10},"end":{"line":2102,"column":55}},"849":{"start":{"line":2101,"column":30},"end":{"line":2101,"column":81}},"850":{"start":{"line":2102,"column":17},"end":{"line":2102,"column":53}},"851":{"start":{"line":2111,"column":21},"end":{"line":2120,"column":3}},"852":{"start":{"line":2122,"column":32},"end":{"line":2224,"column":1}},"853":{"start":{"line":2124,"column":8},"end":{"line":2130,"column":10}},"854":{"start":{"line":2165,"column":25},"end":{"line":2165,"column":29}},"855":{"start":{"line":2166,"column":12},"end":{"line":2166,"column":63}},"856":{"start":{"line":2166,"column":43},"end":{"line":2166,"column":63}},"857":{"start":{"line":2167,"column":12},"end":{"line":2167,"column":80}},"858":{"start":{"line":2167,"column":37},"end":{"line":2167,"column":80}},"859":{"start":{"line":2169,"column":12},"end":{"line":2169,"column":42}},"860":{"start":{"line":2171,"column":12},"end":{"line":2174,"column":13}},"861":{"start":{"line":2172,"column":16},"end":{"line":2172,"column":38}},"862":{"start":{"line":2173,"column":16},"end":{"line":2173,"column":36}},"863":{"start":{"line":2176,"column":12},"end":{"line":2180,"column":13}},"864":{"start":{"line":2177,"column":16},"end":{"line":2177,"column":78}},"865":{"start":{"line":2179,"column":16},"end":{"line":2179,"column":62}},"866":{"start":{"line":2182,"column":12},"end":{"line":2186,"column":37}},"867":{"start":{"line":2183,"column":16},"end":{"line":2185,"column":19}},"868":{"start":{"line":2184,"column":20},"end":{"line":2184,"column":53}},"869":{"start":{"line":2188,"column":12},"end":{"line":2188,"column":43}},"870":{"start":{"line":2196,"column":24},"end":{"line":2196,"column":47}},"871":{"start":{"line":2197,"column":22},"end":{"line":2197,"column":42}},"872":{"start":{"line":2198,"column":28},"end":{"line":2198,"column":41}},"873":{"start":{"line":2200,"column":32},"end":{"line":2200,"column":37}},"874":{"start":{"line":2201,"column":12},"end":{"line":2205,"column":13}},"875":{"start":{"line":2202,"column":16},"end":{"line":2202,"column":78}},"876":{"start":{"line":2204,"column":16},"end":{"line":2204,"column":50}},"877":{"start":{"line":2207,"column":12},"end":{"line":2207,"column":51}},"878":{"start":{"line":2209,"column":12},"end":{"line":2213,"column":13}},"879":{"start":{"line":2210,"column":16},"end":{"line":2210,"column":45}},"880":{"start":{"line":2212,"column":16},"end":{"line":2212,"column":45}},"881":{"start":{"line":2221,"column":12},"end":{"line":2221,"column":45}},"882":{"start":{"line":2226,"column":15},"end":{"line":2261,"column":1}},"883":{"start":{"line":2242,"column":12},"end":{"line":2242,"column":86}},"884":{"start":{"line":2246,"column":12},"end":{"line":2246,"column":60}},"885":{"start":{"line":2250,"column":12},"end":{"line":2250,"column":60}},"886":{"start":{"line":2255,"column":8},"end":{"line":2255,"column":78}},"887":{"start":{"line":2259,"column":8},"end":{"line":2259,"column":57}},"888":{"start":{"line":2264,"column":35},"end":{"line":2264,"column":43}},"889":{"start":{"line":2269,"column":32},"end":{"line":2269,"column":41}},"890":{"start":{"line":2271,"column":27},"end":{"line":2271,"column":36}},"891":{"start":{"line":2273,"column":36},"end":{"line":2273,"column":45}},"892":{"start":{"line":2275,"column":41},"end":{"line":2275,"column":50}},"893":{"start":{"line":2282,"column":20},"end":{"line":2282,"column":82}},"894":{"start":{"line":2285,"column":4},"end":{"line":2285,"column":138}},"895":{"start":{"line":2287,"column":4},"end":{"line":2293,"column":5}},"896":{"start":{"line":2288,"column":6},"end":{"line":2288,"column":41}},"897":{"start":{"line":2289,"column":6},"end":{"line":2289,"column":59}},"898":{"start":{"line":2290,"column":6},"end":{"line":2290,"column":33}},"899":{"start":{"line":2292,"column":6},"end":{"line":2292,"column":54}},"900":{"start":{"line":2292,"column":24},"end":{"line":2292,"column":52}},"901":{"start":{"line":2295,"column":4},"end":{"line":2295,"column":31}},"902":{"start":{"line":2297,"column":4},"end":{"line":2297,"column":20}},"903":{"start":{"line":2301,"column":15},"end":{"line":2301,"column":72}},"904":{"start":{"line":2302,"column":17},"end":{"line":2302,"column":92}},"905":{"start":{"line":2304,"column":6},"end":{"line":2305,"column":61}},"906":{"start":{"line":2307,"column":4},"end":{"line":2354,"column":5}},"907":{"start":{"line":2308,"column":6},"end":{"line":2308,"column":84}},"908":{"start":{"line":2308,"column":76},"end":{"line":2308,"column":82}},"909":{"start":{"line":2310,"column":18},"end":{"line":2310,"column":55}},"910":{"start":{"line":2311,"column":18},"end":{"line":2311,"column":95}},"911":{"start":{"line":2313,"column":6},"end":{"line":2353,"column":7}},"912":{"start":{"line":2314,"column":19},"end":{"line":2314,"column":29}},"913":{"start":{"line":2315,"column":20},"end":{"line":2315,"column":36}},"914":{"start":{"line":2317,"column":8},"end":{"line":2317,"column":27}},"915":{"start":{"line":2319,"column":8},"end":{"line":2321,"column":9}},"916":{"start":{"line":2320,"column":10},"end":{"line":2320,"column":101}},"917":{"start":{"line":2323,"column":8},"end":{"line":2334,"column":9}},"918":{"start":{"line":2324,"column":19},"end":{"line":2324,"column":66}},"919":{"start":{"line":2325,"column":10},"end":{"line":2325,"column":31}},"920":{"start":{"line":2327,"column":10},"end":{"line":2327,"column":65}},"921":{"start":{"line":2327,"column":27},"end":{"line":2327,"column":63}},"922":{"start":{"line":2328,"column":10},"end":{"line":2331,"column":11}},"923":{"start":{"line":2329,"column":12},"end":{"line":2329,"column":49}},"924":{"start":{"line":2330,"column":12},"end":{"line":2330,"column":52}},"925":{"start":{"line":2333,"column":10},"end":{"line":2333,"column":31}},"926":{"start":{"line":2336,"column":8},"end":{"line":2339,"column":9}},"927":{"start":{"line":2337,"column":10},"end":{"line":2337,"column":74}},"928":{"start":{"line":2338,"column":10},"end":{"line":2338,"column":67}},"929":{"start":{"line":2341,"column":8},"end":{"line":2352,"column":9}},"930":{"start":{"line":2342,"column":10},"end":{"line":2342,"column":33}},"931":{"start":{"line":2343,"column":10},"end":{"line":2345,"column":24}},"932":{"start":{"line":2347,"column":25},"end":{"line":2347,"column":54}},"933":{"start":{"line":2348,"column":22},"end":{"line":2348,"column":46}},"934":{"start":{"line":2349,"column":10},"end":{"line":2349,"column":72}},"935":{"start":{"line":2349,"column":30},"end":{"line":2349,"column":70}},"936":{"start":{"line":2350,"column":10},"end":{"line":2351,"column":55}},"937":{"start":{"line":2350,"column":30},"end":{"line":2350,"column":81}},"938":{"start":{"line":2351,"column":17},"end":{"line":2351,"column":53}},"939":{"start":{"line":2360,"column":29},"end":{"line":2369,"column":3}},"940":{"start":{"line":2375,"column":13},"end":{"line":2375,"column":15}},"941":{"start":{"line":2377,"column":0},"end":{"line":2384,"column":2}},"942":{"start":{"line":2378,"column":4},"end":{"line":2378,"column":37}},"943":{"start":{"line":2378,"column":28},"end":{"line":2378,"column":35}},"944":{"start":{"line":2379,"column":4},"end":{"line":2379,"column":28}},"945":{"start":{"line":2381,"column":4},"end":{"line":2381,"column":43}},"946":{"start":{"line":2383,"column":4},"end":{"line":2383,"column":31}},"947":{"start":{"line":2386,"column":0},"end":{"line":2386,"column":30}},"948":{"start":{"line":2387,"column":0},"end":{"line":2387,"column":30}},"949":{"start":{"line":2388,"column":0},"end":{"line":2388,"column":25}},"950":{"start":{"line":2389,"column":0},"end":{"line":2389,"column":24}},"951":{"start":{"line":2390,"column":0},"end":{"line":2390,"column":26}},"952":{"start":{"line":2391,"column":0},"end":{"line":2391,"column":36}},"953":{"start":{"line":2392,"column":0},"end":{"line":2392,"column":61}},"954":{"start":{"line":2393,"column":0},"end":{"line":2393,"column":61}}},"fnMap":{"0":{"name":"createConfig","decl":{"start":{"line":14,"column":9},"end":{"line":14,"column":21}},"loc":{"start":{"line":14,"column":27},"end":{"line":16,"column":1}},"line":14},"1":{"name":"(anonymous_1)","decl":{"start":{"line":23,"column":17},"end":{"line":23,"column":18}},"loc":{"start":{"line":23,"column":32},"end":{"line":57,"column":1}},"line":23},"2":{"name":"(anonymous_2)","decl":{"start":{"line":32,"column":26},"end":{"line":32,"column":27}},"loc":{"start":{"line":32,"column":45},"end":{"line":39,"column":5}},"line":32},"3":{"name":"vuexInit","decl":{"start":{"line":46,"column":11},"end":{"line":46,"column":19}},"loc":{"start":{"line":46,"column":23},"end":{"line":56,"column":3}},"line":46},"4":{"name":"devtoolPlugin","decl":{"start":{"line":63,"column":9},"end":{"line":63,"column":22}},"loc":{"start":{"line":63,"column":31},"end":{"line":77,"column":1}},"line":63},"5":{"name":"(anonymous_5)","decl":{"start":{"line":70,"column":41},"end":{"line":70,"column":42}},"loc":{"start":{"line":70,"column":64},"end":{"line":72,"column":3}},"line":70},"6":{"name":"(anonymous_6)","decl":{"start":{"line":74,"column":18},"end":{"line":74,"column":19}},"loc":{"start":{"line":74,"column":45},"end":{"line":76,"column":3}},"line":74},"7":{"name":"forEachValue","decl":{"start":{"line":101,"column":9},"end":{"line":101,"column":21}},"loc":{"start":{"line":101,"column":32},"end":{"line":103,"column":1}},"line":101},"8":{"name":"(anonymous_8)","decl":{"start":{"line":102,"column":27},"end":{"line":102,"column":28}},"loc":{"start":{"line":102,"column":42},"end":{"line":102,"column":71}},"line":102},"9":{"name":"isObject","decl":{"start":{"line":105,"column":9},"end":{"line":105,"column":17}},"loc":{"start":{"line":105,"column":24},"end":{"line":107,"column":1}},"line":105},"10":{"name":"isPromise","decl":{"start":{"line":109,"column":9},"end":{"line":109,"column":18}},"loc":{"start":{"line":109,"column":25},"end":{"line":111,"column":1}},"line":109},"11":{"name":"assert","decl":{"start":{"line":113,"column":9},"end":{"line":113,"column":15}},"loc":{"start":{"line":113,"column":33},"end":{"line":115,"column":1}},"line":113},"12":{"name":"Module","decl":{"start":{"line":117,"column":22},"end":{"line":117,"column":28}},"loc":{"start":{"line":117,"column":50},"end":{"line":123,"column":1}},"line":117},"13":{"name":"(anonymous_13)","decl":{"start":{"line":127,"column":38},"end":{"line":127,"column":39}},"loc":{"start":{"line":127,"column":50},"end":{"line":129,"column":1}},"line":127},"14":{"name":"addChild","decl":{"start":{"line":131,"column":37},"end":{"line":131,"column":45}},"loc":{"start":{"line":131,"column":60},"end":{"line":133,"column":1}},"line":131},"15":{"name":"removeChild","decl":{"start":{"line":135,"column":40},"end":{"line":135,"column":51}},"loc":{"start":{"line":135,"column":58},"end":{"line":137,"column":1}},"line":135},"16":{"name":"getChild","decl":{"start":{"line":139,"column":37},"end":{"line":139,"column":45}},"loc":{"start":{"line":139,"column":52},"end":{"line":141,"column":1}},"line":139},"17":{"name":"update","decl":{"start":{"line":143,"column":35},"end":{"line":143,"column":41}},"loc":{"start":{"line":143,"column":54},"end":{"line":154,"column":1}},"line":143},"18":{"name":"forEachChild","decl":{"start":{"line":156,"column":41},"end":{"line":156,"column":53}},"loc":{"start":{"line":156,"column":59},"end":{"line":158,"column":1}},"line":156},"19":{"name":"forEachGetter","decl":{"start":{"line":160,"column":42},"end":{"line":160,"column":55}},"loc":{"start":{"line":160,"column":61},"end":{"line":164,"column":1}},"line":160},"20":{"name":"forEachAction","decl":{"start":{"line":166,"column":42},"end":{"line":166,"column":55}},"loc":{"start":{"line":166,"column":61},"end":{"line":170,"column":1}},"line":166},"21":{"name":"forEachMutation","decl":{"start":{"line":172,"column":44},"end":{"line":172,"column":59}},"loc":{"start":{"line":172,"column":65},"end":{"line":176,"column":1}},"line":172},"22":{"name":"ModuleCollection","decl":{"start":{"line":180,"column":32},"end":{"line":180,"column":48}},"loc":{"start":{"line":180,"column":65},"end":{"line":183,"column":1}},"line":180},"23":{"name":"get","decl":{"start":{"line":185,"column":42},"end":{"line":185,"column":45}},"loc":{"start":{"line":185,"column":53},"end":{"line":189,"column":1}},"line":185},"24":{"name":"(anonymous_24)","decl":{"start":{"line":186,"column":21},"end":{"line":186,"column":22}},"loc":{"start":{"line":186,"column":44},"end":{"line":188,"column":3}},"line":186},"25":{"name":"getNamespace","decl":{"start":{"line":191,"column":51},"end":{"line":191,"column":63}},"loc":{"start":{"line":191,"column":71},"end":{"line":197,"column":1}},"line":191},"26":{"name":"(anonymous_26)","decl":{"start":{"line":193,"column":21},"end":{"line":193,"column":22}},"loc":{"start":{"line":193,"column":47},"end":{"line":196,"column":3}},"line":193},"27":{"name":"update$1","decl":{"start":{"line":199,"column":45},"end":{"line":199,"column":53}},"loc":{"start":{"line":199,"column":70},"end":{"line":201,"column":1}},"line":199},"28":{"name":"register","decl":{"start":{"line":203,"column":47},"end":{"line":203,"column":55}},"loc":{"start":{"line":203,"column":83},"end":{"line":225,"column":1}},"line":203},"29":{"name":"(anonymous_29)","decl":{"start":{"line":221,"column":36},"end":{"line":221,"column":37}},"loc":{"start":{"line":221,"column":67},"end":{"line":223,"column":5}},"line":221},
[...]
)","decl":{"start":{"line":1,"column":629},"end":{"line":1,"column":630}},"loc":{"start":{"line":1,"column":639},"end":{"line":1,"column":656}},"line":1},"10":{"name":"(anonymous_10)","decl":{"start":{"line":1,"column":657},"end":{"line":1,"column":658}},"loc":{"start":{"line":1,"column":681},"end":{"line":1,"column":706}},"line":1},"11":{"name":"(anonymous_11)","decl":{"start":{"line":8,"column":25},"end":{"line":8,"column":26}},"loc":{"start":{"line":8,"column":31},"end":{"line":287,"column":1}},"line":8},"12":{"name":"(anonymous_12)","decl":{"start":{"line":9,"column":40},"end":{"line":9,"column":41}},"loc":{"start":{"line":9,"column":46},"end":{"line":17,"column":5}},"line":9},"13":{"name":"(anonymous_13)","decl":{"start":{"line":10,"column":74},"end":{"line":10,"column":75}},"loc":{"start":{"line":10,"column":80},"end":{"line":16,"column":9}},"line":10},"14":{"name":"(anonymous_14)","decl":{"start":{"line":13,"column":26},"end":{"line":13,"column":27}},"loc":{"start":{"line":13,"column":34},"end":{"line":15,"column":13}},"line":13},"15":{"name":"(anonymous_15)","decl":{"start":{"line":19,"column":24},"end":{"line":19,"column":25}},"loc":{"start":{"line":19,"column":30},"end":{"line":104,"column":5}},"line":19},"16":{"name":"(anonymous_16)","decl":{"start":{"line":20,"column":36},"end":{"line":20,"column":37}},"loc":{"start":{"line":20,"column":42},"end":{"line":61,"column":9}},"line":20},"17":{"name":"(anonymous_17)","decl":{"start":{"line":21,"column":68},"end":{"line":21,"column":69}},"loc":{"start":{"line":21,"column":74},"end":{"line":27,"column":13}},"line":21},"18":{"name":"(anonymous_18)","decl":{"start":{"line":29,"column":61},"end":{"line":29,"column":62}},"loc":{"start":{"line":29,"column":67},"end":{"line":37,"column":13}},"line":29},"19":{"name":"(anonymous_19)","decl":{"start":{"line":39,"column":45},"end":{"line":39,"column":46}},"loc":{"start":{"line":39,"column":51},"end":{"line":48,"column":13}},"line":39},"20":{"name":"(anonymous_20)","decl":{"start":{"line":50,"column":54},"end":{"line":50,"column":55}},"loc":{"start":{"line":50,"column":60},"end":{"line":60,"column":13}},"line":50},"21":{"name":"(anonymous_21)","decl":{"start":{"line":63,"column":45},"end":{"line":63,"column":46}},"loc":{"start":{"line":63,"column":51},"end":{"line":103,"column":9}},"line":63},"22":{"name":"(anonymous_22)","decl":{"start":{"line":64,"column":85},"end":{"line":64,"column":86}},"loc":{"start":{"line":64,"column":91},"end":{"line":70,"column":13}},"line":64},"23":{"name":"(anonymous_23)","decl":{"start":{"line":72,"column":86},"end":{"line":72,"column":87}},"loc":{"start":{"line":72,"column":92},"end":{"line":80,"column":13}},"line":72},"24":{"name":"(anonymous_24)","decl":{"start":{"line":82,"column":63},"end":{"line":82,"column":64}},"loc":{"start":{"line":82,"column":69},"end":{"line":90,"column":13}},"line":82},"25":{"name":"(anonymous_25)","decl":{"start":{"line":92,"column":71},"end":{"line":92,"column":72}},"loc":{"start":{"line":92,"column":77},"end":{"line":102,"column":13}},"line":92},"26":{"name":"(anonymous_26)","decl":{"start":{"line":106,"column":24},"end":{"line":106,"column":25}},"loc":{"start":{"line":106,"column":30},"end":{"line":208,"column":5}},"line":106},"27":{"name":"(anonymous_27)","decl":{"start":{"line":107,"column":32},"end":{"line":107,"column":33}},"loc":{"start":{"line":107,"column":38},"end":{"line":141,"column":9}},"line":107},"28":{"name":"(anonymous_28)","decl":{"start":{"line":108,"column":74},"end":{"line":108,"column":75}},"loc":{"start":{"line":108,"column":91},"end":{"line":122,"column":13}},"line":108},"29":{"name":"(anonymous_29)","decl":{"start":{"line":124,"column":95},"end":{"line":124,"column":96}},"loc":{"start":{"line":124,"column":112},"end":{"line":140,"column":13}},"line":124},"30":{"name":"(anonymous_30)","decl":{"start":{"line":143,"column":33},"end":{"line":143,"column":34}},"loc":{"start":{"line":143,"column":39},"end":{"line":207,"column":9}},"line":143},"31":{"name":"(anonymous_31)","decl":{"start":{"line":144,"column":71},"end":{"line":144,"column":72}},"loc":{"start":{"line":144,"column":88},"end":{"line":163,"column":13}},"line":144},"32":{"name":"(anonymous_32)","decl":{"start":{"line":165,"column":89},"end":{"line":165,"column":90}},"loc":{"start":{"line":165,"column":106},"end":{"line":181,"column":13}},"line":165},"33":{"name":"(anonymous_33)","decl":{"start":{"line":183,"column":67},"end":{"line":183,"column":68}},"loc":{"start":{"line":183,"column":84},"end":{"line":197,"column":13}},"line":183},"34":{"name":"(anonymous_34)","decl":{"start":{"line":199,"column":71},"end":{"line":199,"column":72}},"loc":{"start":{"line":199,"column":88},"end":{"line":206,"column":13}},"line":199},"35":{"name":"(anonymous_35)","decl":{"start":{"line":210,"column":26},"end":{"line":210,"column":27}},"loc":{"start":{"line":210,"column":32},"end":{"line":286,"column":5}},"line":210},"36":{"name":"(anonymous_36)","decl":{"start":{"line":211,"column":28},"end":{"line":211,"column":29}},"loc":{"start":{"line":211,"column":34},"end":{"line":217,"column":9}},"line":211},"37":{"name":"(anonymous_37)","decl":{"start":{"line":219,"column":30},"end":{"line":219,"column":31}},"loc":{"start":{"line":219,"column":36},"end":{"line":229,"column":9}},"line":219},"38":{"name":"(anonymous_38)","decl":{"start":{"line":231,"column":27},"end":{"line":231,"column":28}},"loc":{"start":{"line":231,"column":33},"end":{"line":241,"column":9}},"line":231},"39":{"name":"(anonymous_39)","decl":{"start":{"line":243,"column":38},"end":{"line":243,"column":39}},"loc":{"start":{"line":243,"column":44},"end":{"line":258,"column":9}},"line":243},"40":{"name":"(anonymous_40)","decl":{"start":{"line":260,"column":47},"end":{"line":260,"column":48}},"loc":{"start":{"line":260,"column":53},"end":{"line":272,"column":9}},"line":260},"41":{"name":"(anonymous_41)","decl":{"start":{"line":274,"column":28},"end":{"line":274,"column":29}},"loc":{"start":{"line":274,"column":34},"end":{"line":285,"column":9}},"line":274}},"branchMap":{},"s":{"0":1,"1":1,"2":1,"3":1,"4":1,"5":1,"6":1,"7":1,"8":1,"9":1,"10":1,"11":1,"12":1,"13":1,"14":1,"15":1,"16":1,"17":1,"18":1,"19":1,"20":1,"21":1,"22":1,"23":5,"24":1,"25":1,"26":1,"27":1,"28":1,"29":1,"30":1,"31":1,"32":1,"33":1,"34":1,"35":1,"36":1,"37":1,"38":1,"39":1,"40":1,"41":1,"42":1,"43":1,"44":1,"45":1,"46":1,"47":1,"48":1,"49":1,"50":1,"51":1,"52":1,"53":1,"54":1,"55":1,"56":1,"57":1,"58":1,"59":1,"60":1,"61":1,"62":1,"63":1,"64":1,"65":1,"66":1,"67":1,"68":1,"69":1,"70":1,"71":1,"72":1,"73":1,"74":1,"75":1,"76":1,"77":1,"78":1,"79":1,"80":1,"81":1,"82":1,"83":1,"84":1,"85":1,"86":1,"87":1,"88":1,"89":1,"90":1,"91":1,"92":1,"93":1,"94":1,"95":1,"96":1,"97":1,"98":1,"99":1,"100":1,"101":1,"102":1,"103":1,"104":1,"105":1,"106":1,"107":1,"108":1,"109":1,"110":1,"111":1,"112":1,"113":1,"114":1,"115":1,"116":1,"117":1,"118":1,"119":1,"120":1,"121":1,"122":1,"123":1,"124":1,"125":1,"126":1,"127":1,"128":1,"129":1,"130":1,"131":1,"132":1,"133":1,"134":1},"f":{"0":1,"1":1,"2":1,"3":1,"4":1,"5":1,"6":1,"7":1,"8":1,"9":1,"10":1,"11":1,"12":1,"13":1,"14":5,"15":1,"16":1,"17":1,"18":1,"19":1,"20":1,"21":1,"22":1,"23":1,"24":1,"25":1,"26":1,"27":1,"28":1,"29":1,"30":1,"31":1,"32":1,"33":1,"34":1,"35":1,"36":1,"37":1,"38":1,"39":1,"40":1,"41":1},"b":{},"_coverageSchema":"d34fc3e6b8297bcde183f5492bcb8fcb36775295","hash":"91c3ef33236410bb03272117ae15ad2bc7285cad","contentHash":"f883c6aff5b2fc1b9a9194a4cb065bf7_12.0.2"},"/Users/fabiogianini/Documents/Repositories/vue-ui/src/modules/scroll/module.spec.js":{"path":"/Users/fabiogianini/Documents/Repositories/vue-ui/src/modules/scroll/module.spec.js","statementMap":{"0":{"start":{"line":1,"column":25},"end":{"line":1,"column":31}},"1":{"start":{"line":1,"column":43},"end":{"line":1,"column":88}},"2":{"start":{"line":1,"column":74},"end":{"line":1,"column":82}},"3":{"start":{"line":1,"column":96},"end":{"line":1,"column":136}},"4":{"start":{"line":1,"column":125},"end":{"line":1,"column":130}},"5":{"start":{"line":1,"column":148},"end":{"line":1,"column":196}},"6":{"start":{"line":1,"column":181},"end":{"line":1,"column":190}},"7":{"start":{"line":1,"column":226},"end":{"line":1,"column":328}},"8":{"start":{"line":1,"column":278},"end":{"line":1,"column":294}},"9":{"start":{"line":1,"column":310},"end":{"line":1,"column":322}},"10":{"start":{"line":1,"column":345},"end":{"line":1,"column":400}},"11":{"start":{"line":1,"column":380},"end":{"line":1,"column":394}},"12":{"start":{"line":7,"column":0},"end":{"line":72,"column":3}},"13":{"start":{"line":8,"column":4},"end":{"line":16,"column":7}},"14":{"start":{"line":9,"column":8},"end":{"line":15,"column":11}},"15":{"start":{"line":10,"column":26},"end":{"line":10,"column":73}},"16":{"start":{"line":12,"column":12},"end":{"line":14,"column":15}},"17":{"start":{"line":13,"column":16},"end":{"line":13,"column":60}},"18":{"start":{"line":18,"column":4},"end":{"line":45,"column":7}},"19":{"start":{"line":19,"column":8},"end":{"line":29,"column":11}},"20":{"start":{"line":20,"column":12},"end":{"line":28,"column":15}},"21":{"start":{"line":21,"column":31},"end":{"line":21,"column":36}},"22":{"start":{"line":23,"column":16},"end":{"line":23,"column":46}},"23":{"start":{"line":25,"column":45},"end":{"line":25,"column":56}},"24":{"start":{"line":27,"column":16},"end":{"line":27,"column":123}},"25":{"start":{"line":31,"column":8},"end":{"line":44,"column":11}},"26":{"start":{"line":32,"column":12},"end":{"line":43,"column":15}},"27":{"start":{"line":33,"column":31},"end":{"line":33,"column":36}},"28":{"start":{"line":34,"column":30},"end":{"line":36,"column":17}},"29":{"start":{"line":38,"column":16},"end":{"line":38,"column":77}},"30":{"start":{"line":40,"column":45},"end":{"line":40,"column":56}},"31":{"start":{"line":42,"column":16},"end":{"line":42,"column":98}},"32":{"start":{"line":47,"column":4},"end":{"line":71,"column":7}},"33":{"start":{"line":48,"column":8},"end":{"line":60,"column":11}},"34":{"start":{"line":49,"column":26},"end":{"line":53,"column":13}},"35":{"start":{"line":55,"column":12},"end":{"line":55,"column":103}},"36":{"start":{"line":57,"column":12},"end":{"line":57,"column":50}},"37":{"start":{"line":58,"column":12},"end":{"line":58,"column":50}},"38":{"start":{"line":59,"column":12},"end":{"line":59,"column":56}},"39":{"start":{"line":62,"column":8},"end":{"line":70,"column":11}},"40":{"start":{"line":63,"column":26},"end":{"line":65,"column":13}},"41":{"start":{"line":67,"column":12},"end":{"line":67,"column":78}},"42":{"start":{"line":69,"column":12},"end":{"line":69,"column":53}}},"fnMap":{"0":{"name":"(anonymous_0)","decl":{"start":{"line":1,"column":64},"end":{"line":1,"column":65}},"loc":{"start":{"line":1,"column":73},"end":{"line":1,"column":83}},"line":1},"1":{"name":"(anonymous_1)","decl":{"start":{"line":1,"column":118},"end":{"line":1,"column":119}},"loc":{"start":{"line":1,"column":124},"end":{"line":1,"column":131}},"line":1},"2":{"name":"(anonymous_2)","decl":{"start":{"line":1,"column":174},"end":{"line":1,"column":175}},"loc":{"start":{"line":1,"column":180},"end":{"line":1,"column":191}},"line":1},"3":{"name":"(anonymous_3)","decl":{"start":{"line":1,"column":260},"end":{"line":1,"column":261}},"loc":{"start":{"line":1,"column":277},"end":{"line":1,"column":295}},"line":1},"4":{"name":"(anonymous_4)","decl":{"start":{"line":1,"column":296},"end":{"line":1,"column":297}},"loc":{"start":{"line":1,"column":309},"end":{"line":1,"column":323}},"line":1},"5":{"name":"(anonymous_5)","decl":{"start":{"line":1,"column":369},"end":{"line":1,"column":370}},"loc":{"start":{"line":1,"column":379},"end":{"line":1,"column":395}},"line":1},"6":{"name":"(anonymous_6)","decl":{"start":{"line":7,"column":24},"end":{"line":7,"column":25}},"loc":{"start":{"line":7,"column":30},"end":{"line":72,"column":1}},"line":7},"7":{"name":"(anonymous_7)","decl":{"start":{"line":8,"column":38},"end":{"line":8,"column":39}},"loc":{"start":{"line":8,"column":44},"end":{"line":16,"column":5}},"line":8},"8":{"name":"(anonymous_8)","decl":{"start":{"line":9,"column":73},"end":{"line":9,"column":74}},"loc":{"start":{"line":9,"column":79},"end":{"line":15,"column":9}},"line":9},"9":{"name":"(anonymous_9)","decl":{"start":{"line":12,"column":26},"end":{"line":12,"column":27}},"loc":{"start":{"line":12,"column":34},"end":{"line":14,"column":13}},"line":12},"10":{"name":"(anonymous_10)","decl":{"start":{"line":18,"column":24},"end":{"line":18,"column":25}},"loc":{"start":{"line":18,"column":30},"end":{"line":45,"column":5}},"line":18},"11":{"name":"(anonymous_11)","decl":{"start":{"line":19,"column":30},"end":{"line":19,"column":31}},"loc":{"start":{"line":19,"column":36},"end":{"line":29,"column":9}},"line":19},"12":{"name":"(anonymous_12)","decl":{"start":{"line":20,"column":19},"end":{"line":20,"column":20}},"loc":{"start":{"line":20,"column":30},"end":{"line":28,"column":13}},"line":20},"13":{"name":"(anonymous_13)","decl":{"start":{"line":31,"column":34},"end":{"line":31,"column":35}},"loc":{"start":{"line":31,"column":40},"end":{"line":44,"column":9}},"line":31},"14":{"name":"(anonymous_14)","decl":{"start":{"line":32,"column":19},"end":{"line":32,"column":20}},"loc":{"start":{"line":32,"column":30},"end":{"line":43,"column":13}},"line":32},"15":{"name":"(anonymous_15)","decl":{"start":{"line":47,"column":26},"end":{"line":47,"column":27}},"loc":{"start":{"line":47,"column":32},"end":{"line":71,"column":5}},"line":47},"16":{"name":"(anonymous_16)","decl":{"start":{"line":48,"column":25},"end":{"line":48,"column":26}},"loc":{"start":{"line":48,"column":31},"end":{"line":60,"column":9}},"line":48},"17":{"name":"(anonymous_17)","decl":{"start":{"line":62,"column":29},"end":{"line":62,"column":30}},"loc":{"start":{"line":62,"column":35},"end":{"line":70,"column":9}},"line":62}},"branchMap":{},"s":{"0":1,"1":1,"2":1,"3":1,"4":1,"5":1,"6":1,"7":1,"8":1,"9":1,"10":1,"11":1,"12":1,"13":1,"14":1,"15":1,"16":1,"17":4,"18":1,"19":1,"20":1,"21":1,"22":1,"23":1,"24":1,"25":1,"26":1,"27":1,"28":1,"29":1,"30":1,"31":1,"32":1,"33":1,"34":1,"35":1,"36":1,"37":1,"38":1,"39":1,"40":1,"41":1,"42":1},"f":{"0":1,"1":1,"2":1,"3":1,"4":1,"5":1,"6":1,"7":1,"8":1,"9":4,"10":1,"11":1,"12":1,"13":1,"14":1,"15":1,"16":1,"17":1},"b":{},"_coverageSchema":"d34fc3e6b8297bcde183f5492bcb8fcb36775295","hash":"5def68d19d4ab32b60ff3341afa193309a3ce713","contentHash":"8ee8da82959dea7bc99aca2ce7c03c49_12.0.2"},"/Users/fabiogianini/Documents/Repositories/vue-ui/src/modules/scroll/actions.js":{"path":"/Users/fabiogianini/Documents/Repositories/vue-ui/src/modules/scroll/actions.js","statementMap":{"0":{"start":{"line":1,"column":13},"end":{"line":1,"column":86}},"1":{"start":{"line":1,"column":42},"end":{"line":1,"column":51}},"2":{"start":{"line":1,"column":70},"end":{"line":1,"column":83}},"3":{"start":{"line":1,"column":130},"end":{"line":1,"column":263}},"4":{"start":{"line":1,"column":179},"end":{"line":1,"column":195}},"5":{"start":{"line":1,"column":215},"end":{"line":1,"column":231}},"6":{"start":{"line":1,"column":246},"end":{"line":1,"column":257}},"7":{"start":{"line":1,"column":273},"end":{"line":1,"column":329}},"8":{"start":{"line":1,"column":316},"end":{"line":1,"column":323}},"9":{"start":{"line":1,"column":359},"end":{"line":1,"column":460}},"10":{"start":{"line":1,"column":410},"end":{"line":1,"column":426}},"11":{"start":{"line":1,"column":442},"end":{"line":1,"column":454}},"12":{"start":{"line":9,"column":21},"end":{"line":9,"column":32}},"13":{"start":{"line":11,"column":4},"end":{"line":15,"column":7}},"14":{"start":{"line":22,"column":4},"end":{"line":22,"column":41}}},"fnMap":{"0":{"name":"(anonymous_0)","decl":{"start":{"line":1,"column":38},"end":{"line":1,"column":39}},"loc":{"start":{"line":1,"column":42},"end":{"line":1,"column":51}},"line":1},"1":{"name":"(anonymous_1)","decl":{"start":{"line":1,"column":66},"end":{"line":1,"column":67}},"loc":{"start":{"line":1,"column":70},"end":{"line":1,"column":83}},"line":1},"2":{"name":"(anonymous_2)","decl":{"start":{"line":1,"column":161},"end":{"line":1,"column":162}},"loc":{"start":{"line":1,"column":178},"end":{"line":1,"column":196}},"line":1},"3":{"name":"(anonymous_3)","decl":{"start":{"line":1,"column":197},"end":{"line":1,"column":198}},"loc":{"start":{"line":1,"column":214},"end":{"line":1,"column":232}},"line":1},"4":{"name":"(anonymous_4)","decl":{"start":{"line":1,"column":233},"end":{"line":1,"column":234}},"loc":{"start":{"line":1,"column":245},"end":{"line":1,"column":258}},"line":1},"5":{"name":"(anonymous_5)","decl":{"start":{"line":1,"column":305},"end":{"line":1,"column":306}},"loc":{"start":{"line":1,"column":315},"end":{"line":1,"column":324}},"line":1},"6":{"name":"(anonymous_6)","decl":{"start":{"line":1,"column":392},"end":{"line":1,"column":393}},"loc":{"start":{"line":1,"column":409},"end":{"line":1,"column":427}},"line":1},"7":{"name":"(anonymous_7)","decl":{"start":{"line":1,"column":428},"end":{"line":1,"column":429}},"loc":{"start":{"line":1,"column":441},"end":{"line":1,"column":455}},"line":1},"8":{"name":"setScroll","decl":{"start":{"line":8,"column":9},"end":{"line":8,"column":18}},"loc":{"start":{"line":8,"column":31},"end":{"line":16,"column":1}},"line":8},"9":{"name":"disableScroll","decl":{"start":{"line":21,"column":9},"end":{"line":21,"column":22}},"loc":{"start":{"line":21,"column":49},"end":{"line":23,"column":1}},"line":21}},"branchMap":{},"s":{"0":1,"1":6,"2":6,"3":1,"4":1,"5":1,"6":1,"7":1,"8":1,"9":1,"10":1,"11":1,"12":1,"13":1,"14":1},"f":{"0":6,"1":6,"2":1,"3":1,"4":1,"5":1,"6":1,"7":1,"8":1,"9":1},"b":{},"_coverageSchema":"d34fc3e6b8297bcde183f5492bcb8fcb36775295","hash":"d29ea40fb313acb8d311f26f4c161f1af52d90d2","contentHash":"a83be448b6724430861866b8a348c522_12.0.2"},"/Users/fabiogianini/Documents/Repositories/vue-ui/src/modules/scroll/index.js":{"path":"/Users/fabiogianini/Documents/Repositories/vue-ui/src/modules/scroll/index.js","statementMap":{"0":{"start":{"line":1,"column":43},"end":{"line":1,"column":144}},"1":{"start":{"line":1,"column":94},"end":{"line":1,"column":110}},"2":{"start":{"line":1,"column":126},"end":{"line":1,"column":138}},"3":{"start":{"line":1,"column":156},"end":{"line":1,"column":203}},"4":{"start":{"line":1,"column":188},"end":{"line":1,"column":197}},"5":{"start":{"line":4,"column":18},"end":{"line":13,"column":1}},"6":{"start":{"line":6,"column":8},"end":{"line":6,"column":34}},"7":{"start":{"line":7,"column":8},"end":{"line":7,"column":34}},"8":{"start":{"line":8,"column":8},"end":{"line":8,"column":46}},"9":{"start":{"line":11,"column":8},"end":{"line":11,"column":34}},"10":{"start":{"line":15,"column":14},"end":{"line":20,"column":1}},"11":{"start":{"line":22,"column":0},"end":{"line":27,"column":3}}},"fnMap":{"0":{"name":"(anonymous_0)","decl":{"start":{"line":1,"column":76},"end":{"line":1,"column":77}},"loc":{"start":{"line":1,"column":93},"end":{"line":1,"column":111}},"line":1},"1":{"name":"(anonymous_1)","decl":{"start":{"line":1,"column":112},"end":{"line":1,"column":113}},"loc":{"start":{"line":1,"column":125},"end":{"line":1,"column":139}},"line":1},"2":{"name":"(anonymous_2)","decl":{"start":{"line":1,"column":181},"end":{"line":1,"column":182}},"loc":{"start":{"line":1,"column":187},"end":{"line":1,"column":198}},"line":1},"3":{"name":"(anonymous_3)","decl":{"start":{"line":5,"column":4},"end":{"line":5,"column":5}},"loc":{"start":{"line":5,"column":64},"end":{"line":9,"column":5}},"line":5},"4":{"name":"(anonymous_4)","decl":{"start":{"line":10,"column":4},"end":{"line":10,"column":5}},"loc":{"start":{"line":10,"column":42},"end":{"line":12,"column":5}},"line":10}},"branchMap":{},"s":{"0":1,"1":1,"2":1,"3":1,"4":1,"5":1,"6":1,"7":1,"8":1,"9":1,"10":1,"11":1},"f":{"0":1,"1":1,"2":1,"3":1,"4":1},"b":{},"_coverageSchema":"d34fc3e6b8297bcde183f5492bcb8fcb36775295","hash":"c6a193956269336100c889e567abcb6f38d8c215","contentHash":"edf6ba2b8fdcc2ee1ad9b50912d89951_12.0.2"}}